Sjasm Z80 Assembler v0.42c - www.xl2s.tk             [2021.06.16 - 07:25:55]

asm\level1.asm
Errors: 0

       1   00:0000                          output "level1.bin"
       2   00:D000                      
       3   00:D000  FE                      db   #fe               ; ID archivo binario, siempre hay que poner el mismo 0FEh
       4   00:D001  00 D0                   dw   INICIO            ; dirección de inicio
       5   00:D003  E0 D2                   dw   FINAL - 1         ; dirección final
       6   00:D005  00 D0                   dw   INICIO             ; dircción del programa de ejecución (para cuando pongas r en bload"nombre_programa", r)
       7   00:D007                      
       8   00:D007                          org #d000 ; o 57344, org se utiliza para decirle al z80 en que posición de memoria RAM empieza nuestro programa en ensamblador
       9   00:D000                          
      10   00:D000                      INICIO:
      11   00:D000  C9                      ret
      12   00:D001                      MAP:
      13   00:D001                      
      14   00:D001                      
      15   00:D001                          db 128,129,130,131,132,133,134,135,136,137,138,128,129,130,131,132,133,134,135,136,137,138,128,129,130,131,132,133,134,135,136,137
      15   00:D001  80 81 82 83 84 85 86 87 88 89 8A 80 81 82 83 84 
      15   00:D011  85 86 87 88 89 8A 80 81 82 83 84 85 86 87 88 89 
      16   00:D021                          db 160,161,162,163,164,165,166,167,168,169,170,160,161,162,163,164,165,166,167,168,169,170,160,161,162,163,164,165,166,167,168,169
      16   00:D021  A0 A1 A2 A3 A4 A5 A6 A7 A8 A9 AA A0 A1 A2 A3 A4 
      16   00:D031  A5 A6 A7 A8 A9 AA A0 A1 A2 A3 A4 A5 A6 A7 A8 A9 
      17   00:D041                          db 161,161,161,161,161,161,161,161,161,161,161,161,161,161,161,161,161,161,161,161,161,161,161,161,161,161,161,161,161,161,161,161
      17   00:D041  A1 A1 A1 A1 A1 A1 A1 A1 A1 A1 A1 A1 A1 A1 A1 A1 
      17   00:D051  A1 A1 A1 A1 A1 A1 A1 A1 A1 A1 A1 A1 A1 A1 A1 A1 
      18   00:D061                          db 161,161,161,161,161,161,161,161,161,161,161,161,161,161,161,161,161,161,161,161,161,161,161,161,161,161,161,161,161,161,161,161
      18   00:D061  A1 A1 A1 A1 A1 A1 A1 A1 A1 A1 A1 A1 A1 A1 A1 A1 
      18   00:D071  A1 A1 A1 A1 A1 A1 A1 A1 A1 A1 A1 A1 A1 A1 A1 A1 
      19   00:D081                          db 67,161,161,161,161,161,161,161,161,161,161,161,161,161,161,161,161,41,161,161,161,161,161,161,161,161,161,161,161,161,67,161
      19   00:D081  43 A1 A1 A1 A1 A1 A1 A1 A1 A1 A1 A1 A1 A1 A1 A1 
      19   00:D091  A1 29 A1 A1 A1 A1 A1 A1 A1 A1 A1 A1 A1 A1 43 A1 
      20   00:D0A1                          db 32,32,32,32,32,32,32,32,32,32,161,161,161,161,161,161,161,161,161,161,161,161,161,32,32,32,32,32,32,32,32,32
      20   00:D0A1  20 20 20 20 20 20 20 20 20 20 A1 A1 A1 A1 A1 A1 
      20   00:D0B1  A1 A1 A1 A1 A1 A1 A1 20 20 20 20 20 20 20 20 20 
      21   00:D0C1                          db 161,161,161,161,161,161,161,161,161,39,161,161,161,161,161,11,11,161,161,161,161,161,161,39,161,161,161,161,161,161,161,161
      21   00:D0C1  A1 A1 A1 A1 A1 A1 A1 A1 A1 27 A1 A1 A1 A1 A1 0B 
      21   00:D0D1  0B A1 A1 A1 A1 A1 A1 27 A1 A1 A1 A1 A1 A1 A1 A1 
      22   00:D0E1                          db 161,161,161,161,161,161,161,161,161,32,32,32,161,161,161,161,161,161,161,161,161,32,32,32,161,161,161,161,161,161,161,161
      22   00:D0E1  A1 A1 A1 A1 A1 A1 A1 A1 A1 20 20 20 A1 A1 A1 A1 
      22   00:D0F1  A1 A1 A1 A1 A1 20 20 20 A1 A1 A1 A1 A1 A1 A1 A1 
      23   00:D101                          db 161,161,161,161,161,161,41,161,161,161,161,161,161,161,161,161,9,161,161,161,161,161,161,161,161,161,161,161,9,161,161,161
      23   00:D101  A1 A1 A1 A1 A1 A1 29 A1 A1 A1 A1 A1 A1 A1 A1 A1 
      23   00:D111  09 A1 A1 A1 A1 A1 A1 A1 A1 A1 A1 A1 09 A1 A1 A1 
      24   00:D121                          db 161,161,161,45,161,161,161,161,161,161,161,161,161,161,161,161,161,161,161,161,161,161,41,161,161,161,161,161,161,161,161,161
      24   00:D121  A1 A1 A1 2D A1 A1 A1 A1 A1 A1 A1 A1 A1 A1 A1 A1 
      24   00:D131  A1 A1 A1 A1 A1 A1 29 A1 A1 A1 A1 A1 A1 A1 A1 A1 
      25   00:D141                          db 161,161,161,161,161,161,161,161,11,45,161,161,161,161,161,161,161,161,161,161,161,161,161,161,9,161,161,161,161,161,161,161
      25   00:D141  A1 A1 A1 A1 A1 A1 A1 A1 0B 2D A1 A1 A1 A1 A1 A1 
      25   00:D151  A1 A1 A1 A1 A1 A1 A1 A1 09 A1 A1 A1 A1 A1 A1 A1 
      26   00:D161                          db 67,161,161,161,161,161,161,161,161,161,161,161,161,161,161,161,161,161,161,161,161,161,161,161,161,161,161,161,161,161,161,67
      26   00:D161  43 A1 A1 A1 A1 A1 A1 A1 A1 A1 A1 A1 A1 A1 A1 A1 
      26   00:D171  A1 A1 A1 A1 A1 A1 A1 A1 A1 A1 A1 A1 A1 A1 A1 43 
      27   00:D181                          db 32,32,32,32,161,161,161,161,45,161,161,161,32,32,32,32,32,32,32,32,32,161,161,8,11,161,161,161,32,32,32,32
      27   00:D181  20 20 20 20 A1 A1 A1 A1 2D A1 A1 A1 20 20 20 20 
      27   00:D191  20 20 20 20 20 A1 A1 08 0B A1 A1 A1 20 20 20 20 
      28   00:D1A1                          db 161,161,161,161,161,161,161,161,161,161,161,161,161,161,161,161,161,161,161,161,161,161,161,161,161,161,161,161,161,161,161,161
      28   00:D1A1  A1 A1 A1 A1 A1 A1 A1 A1 A1 A1 A1 A1 A1 A1 A1 A1 
      28   00:D1B1  A1 A1 A1 A1 A1 A1 A1 A1 A1 A1 A1 A1 A1 A1 A1 A1 
      29   00:D1C1                          db 161,161,161,161,161,41,161,161,161,161,161,161,161,161,161,161,161,161,161,161,161,161,161,161,161,161,161,161,161,161,161,161
      29   00:D1C1  A1 A1 A1 A1 A1 29 A1 A1 A1 A1 A1 A1 A1 A1 A1 A1 
      29   00:D1D1  A1 A1 A1 A1 A1 A1 A1 A1 A1 A1 A1 A1 A1 A1 A1 A1 
      30   00:D1E1                          db 161,161,11,45,161,161,161,161,161,161,161,161,161,161,161,161,161,161,161,161,45,161,161,161,161,161,161,161,161,161,161,161
      30   00:D1E1  A1 A1 0B 2D A1 A1 A1 A1 A1 A1 A1 A1 A1 A1 A1 A1 
      30   00:D1F1  A1 A1 A1 A1 2D A1 A1 A1 A1 A1 A1 A1 A1 A1 A1 A1 
      31   00:D201                          db 161,161,161,161,161,161,161,161,161,67,161,161,161,161,161,161,161,161,161,161,161,161,161,67,161,161,161,161,45,161,161,161
      31   00:D201  A1 A1 A1 A1 A1 A1 A1 A1 A1 43 A1 A1 A1 A1 A1 A1 
      31   00:D211  A1 A1 A1 A1 A1 A1 A1 43 A1 A1 A1 A1 2D A1 A1 A1 
      32   00:D221                          db 161,161,161,161,32,32,32,32,32,32,32,161,161,161,161,45,161,161,32,32,32,32,32,32,32,161,161,161,161,161,161,161
      32   00:D221  A1 A1 A1 A1 20 20 20 20 20 20 20 A1 A1 A1 A1 2D 
      32   00:D231  A1 A1 20 20 20 20 20 20 20 A1 A1 A1 A1 A1 A1 A1 
      33   00:D241                          db 161,161,161,161,161,161,161,161,161,161,39,161,161,161,161,161,161,161,39,161,161,161,161,161,161,161,161,161,161,161,161,161
      33   00:D241  A1 A1 A1 A1 A1 A1 A1 A1 A1 A1 27 A1 A1 A1 A1 A1 
      33   00:D251  A1 A1 27 A1 A1 A1 A1 A1 A1 A1 A1 A1 A1 A1 A1 A1 
      34   00:D261                          db 161,161,161,161,161,161,161,161,161,161,39,161,161,161,161,161,161,161,39,161,161,161,161,161,161,161,161,161,161,161,161,161
      34   00:D261  A1 A1 A1 A1 A1 A1 A1 A1 A1 A1 27 A1 A1 A1 A1 A1 
      34   00:D271  A1 A1 27 A1 A1 A1 A1 A1 A1 A1 A1 A1 A1 A1 A1 A1 
      35   00:D281                          db 161,161,67,161,161,161,161,161,161,161,39,161,161,161,161,161,161,161,39,161,161,161,161,161,161,161,67,161,161,161,161,161
      35   00:D281  A1 A1 43 A1 A1 A1 A1 A1 A1 A1 27 A1 A1 A1 A1 A1 
      35   00:D291  A1 A1 27 A1 A1 A1 A1 A1 A1 A1 43 A1 A1 A1 A1 A1 
      36   00:D2A1                          db 32,32,32,32,32,32,32,32,32,32,32,32,32,32,32,32,32,32,32,32,32,32,32,32,32,32,32,32,32,32,32,32
      36   00:D2A1  20 20 20 20 20 20 20 20 20 20 20 20 20 20 20 20 
      36   00:D2B1  20 20 20 20 20 20 20 20 20 20 20 20 20 20 20 20 
      37   00:D2C1                          db 39,39,39,39,39,39,39,39,39,39,39,39,39,39,39,39,39,39,39,39,39,39,39,39,39,39,39,39,39,39,39,39
      37   00:D2C1  27 27 27 27 27 27 27 27 27 27 27 27 27 27 27 27 
      37   00:D2D1  27 27 27 27 27 27 27 27 27 27 27 27 27 27 27 27 
      38   00:D2E1                      
      39   00:D2E1                      
      40   00:D2E1                      
      41   00:D2E1                      
      42   00:D2E1                      
      43   00:D2E1                      FINAL:

    LABELS
-------------------------------------------------
00:0000D000   INICIO
00:0000D001 X MAP
00:0000D2E1   FINAL


 Output: asm\level1.out
-------------------------------------------------

 Page: 00
  Org: 0000D000  Size: *  Used: 00000000

    No output

 Output: level1.bin
-------------------------------------------------

 Page: 00
  Org: 0000D000  Size: *  Used: 000002E8

   Address   Length Align   Label
   0000D000     744         INICIO
