Sjasm Z80 Assembler v0.42c - www.xl2s.tk             [2021.06.30 - 07:42:50]

asm\music.asm
Errors: 0

       1   00:0000                              output "music.bin"
       2   00:C000                      ;music.bin necestia 800 bytes para alojarse en la RAM, en basic tenemos hasta la direccion &hf380-800= eb00
       3   00:C000  FE                      db   #fe               ; ID archivo binario, siempre hay que poner el mismo 0FEh
       4   00:C001  00 C0                   dw   INICIO            ; dirección de inicio
       5   00:C003  23 C7                   dw   FINAL - 1         ; dirección final
       6   00:C005  00 C0                   dw   INICIO            ; dircción del programa de ejecución (para cuando pongas r en bload"nombre_programa", r)
       7   00:C007                      
       8   00:C007                          org #c000 ; org se utiliza para decirle al z80 en que posición de memoria empieza nuestro programa (es la 33280 en decimal), en hezadecimal sería #8200
       9   00:C000                          ; Las variables del pt3_player está definidas en el archivo PT3_player.asm en la dirección #f000
      10   00:C000                      INICIO:
      11   00:C000                      inicilizar_tracker:
      12   00:C000                          ;Deactivamos las interrupciones
      13   00:C000  F3                      di	
      14   00:C001  21 C6 C5            	ld		hl,SONG-100		; hl vale la direccion donde se encuentra la cancion - 99
      15   00:C004  CD 3B C0            	call	PT3_INIT			; Inicia el reproductor de PT3
      16   00:C007                          ;Activamos las interrupciones
      17   00:C007  FB                  	ei 
      18   00:C008                          ;Volvemos al basic
      19   00:C008  C9                      ret
      20   00:C009                      
      21   00:C009                      reproducir_bloque_musica:
      22   00:C009                          ;------------------Reproducir Bloque de múscia--------
      23   00:C009  76                      halt						;sincronizacion
      24   00:C00A  F3                  	di
      25   00:C00B  CD 80 C5            	call	PT3_ROUT			;Borrar el valor anterior
      26   00:C00E  CD 88 C4            	call	PT3_PLAY			;Reproduce el siguiente trozo de canción
      27   00:C011  FB                      ei
      28   00:C012                          ;--------------Fin de reproducir bloque de música-----
      29   00:C012                          ;Volvemos al basic
      30   00:C012  C9                      ret
      31   00:C013                      para_cancion:
      32   00:C013  CD 2F C0                call PT3_MUTE
      33   00:C016  C9                      ret
      34   00:C017                      evitar_repeticion_cancion:
      35   00:C017  3A F8 F7                ld a, (#f7f8)
      36   00:C01A  32 00 F0                ld (PT3_SETUP),a
      37   00:C01D  C9                      ret
      38   00:C01E                      tracker:
      39   00:C01E                      	include	"PT3_player.asm"					;replayer de PT3
       1.  00:C01E                      		; --- PT3 REPLAYER WORKING ON ROM ---
       2.  00:C01E                      		; --- Can be assembled with asMSX ---
       3.  00:C01E                      		; --- ROM version: MSX-KUN        ---
       4.  00:C01E                      		; --- asMSX version 2: SapphiRe   ---
       5.  00:C01E                      
       6.  00:C01E                      ; Based on MSX full version of PT3 by Dioniso
       7.  00:C01E                      ;
       8.  00:C01E                      ; This version of the replayer can be used with any note table
       9.  00:C01E                      ; This version also allows the use of PT3 commands
      10.  00:C01E                      ; First 99 bytes of each PT3 module should be stripped off
      11.  00:C01E                      ;
      12.  00:C01E                      ; PLAY and PSG WRITE routines seperated to allow independent calls
      13.  00:C01E                      ;
      14.  00:C01E                      ; ROM LENGTH: 1549 bytes
      15.  00:C01E                      ; RAM LENGTH:  576 bytes
      16.  00:C01E                      
      17.  00:C01E                      
      18.  00:C01E                      
      19.  00:C01E                      ;SJASM version by BTV 2016
      20.  00:C01E                      
      21.  00:C01E                      
      22.  00:C01E                      		; --- CONSTANT VALUES DEFINITION ---
      23.  00:C01E                      
      24.  00:C01E                      ;ChannelsVars
      25.  00:C01E                      ;struc	CHNPRM
      26.  00:C01E                      ;reset group
      27.  00:C01E  (00:0000)           CHNPRM_PsInOr	equ 0	;RESB 1
      28.  00:C01E  (00:0001)           CHNPRM_PsInSm	equ 1	;RESB 1
      29.  00:C01E  (00:0002)           CHNPRM_CrAmSl	equ 2	;RESB 1
      30.  00:C01E  (00:0003)           CHNPRM_CrNsSl	equ 3	;RESB 1
      31.  00:C01E  (00:0004)           CHNPRM_CrEnSl	equ 4	;RESB 1
      32.  00:C01E  (00:0005)           CHNPRM_TSlCnt	equ 5	;RESB 1
      33.  00:C01E  (00:0006)           CHNPRM_CrTnSl	equ 6	;RESW 1
      34.  00:C01E  (00:0008)           CHNPRM_TnAcc	equ 8	;RESW 1
      35.  00:C01E  (00:000A)           CHNPRM_COnOff	equ 10	;RESB 1
      36.  00:C01E                      ;reset group
      37.  00:C01E                      
      38.  00:C01E  (00:000B)           CHNPRM_OnOffD	equ 11	;RESB 1
      39.  00:C01E                      
      40.  00:C01E                      ;IX for PTDECOD here [+12]
      41.  00:C01E  (00:000C)           CHNPRM_OffOnD	equ 12	;RESB 1
      42.  00:C01E  (00:000D)           CHNPRM_OrnPtr	equ 13	;RESW 1
      43.  00:C01E  (00:000F)           CHNPRM_SamPtr	equ 15	;RESW 1
      44.  00:C01E  (00:0011)           CHNPRM_NNtSkp	equ 17	;RESB 1
      45.  00:C01E  (00:0012)           CHNPRM_Note	equ 18	;RESB 1
      46.  00:C01E  (00:0013)           CHNPRM_SlToNt	equ 19	;RESB 1
      47.  00:C01E  (00:0014)           CHNPRM_Env_En	equ 20	;RESB 1
      48.  00:C01E  (00:0015)           CHNPRM_Flags	equ 21	;RESB 1
      49.  00:C01E                       ;Enabled - 0,SimpleGliss - 2
      50.  00:C01E  (00:0016)           CHNPRM_TnSlDl	equ 22	;RESB 1
      51.  00:C01E  (00:0017)           CHNPRM_TSlStp	equ 23	;RESW 1
      52.  00:C01E  (00:0019)           CHNPRM_TnDelt	equ 25	;RESW 1
      53.  00:C01E  (00:001B)           CHNPRM_NtSkCn	equ 27	;RESB 1
      54.  00:C01E  (00:001C)           CHNPRM_Volume	equ 28	;RESB 1
      55.  00:C01E  (00:001D)           CHNPRM_Size	equ 29	;RESB 1
      56.  00:C01E                      ;endstruc
      57.  00:C01E                      
      58.  00:C01E                      ;struc	AR
      59.  00:C01E  (00:0000)           AR_TonA		equ 0	;RESW 1
      60.  00:C01E  (00:0002)           AR_TonB		equ 2	;RESW 1
      61.  00:C01E  (00:0004)           AR_TonC		equ 4	;RESW 1
      62.  00:C01E  (00:0006)           AR_Noise	equ 6	;RESB 1
      63.  00:C01E  (00:0007)           AR_Mixer	equ 7	;RESB 1
      64.  00:C01E  (00:0008)           AR_AmplA	equ 8	;RESB 1
      65.  00:C01E  (00:0009)           AR_AmplB	equ 9	;RESB 1
      66.  00:C01E  (00:000A)           AR_AmplC	equ 10	;RESB 1
      67.  00:C01E  (00:000B)           AR_Env		equ 11	;RESW 1
      68.  00:C01E  (00:000D)           AR_EnvTp	equ 13	;RESB 1
      69.  00:C01E                      ;endstruc
      70.  00:C01E                       
      71.  00:C01E                      		; --- CODE STARTS HERE ---
      72.  00:C01E                      
      73.  00:C01E  21 00 F0            CHECKLP:	LD	HL,PT3_SETUP
      74.  00:C021  CB FE               		SET	7,[HL]
      75.  00:C023  CB 46               		BIT	0,[HL]
      76.  00:C025  C8                  		RET	Z
      77.  00:C026  E1                  		POP	HL
      78.  00:C027  21 7A F0            		LD	HL,DelyCnt
      79.  00:C02A  34                  		INC	[HL]
      80.  00:C02B  21 3E F0            		LD	HL,ChanA+CHNPRM_NtSkCn
      81.  00:C02E  34                  		INC	[HL]
      82.  00:C02F  AF                  PT3_MUTE:	XOR	A
      83.  00:C030  67                  		LD	H,A
      84.  00:C031  6F                  		LD	L,A
      85.  00:C032  32 48 F1            		LD	[AYREGS+AR_AmplA],A
      86.  00:C035  22 49 F1            		LD	[AYREGS+AR_AmplB],HL
      87.  00:C038  C3 81 C5            		JP	ROUT_A0
      88.  00:C03B                      
      89.  00:C03B                      PT3_INIT:	;HL - AddressOfModule - 100
      90.  00:C03B  22 01 F0            		LD [PT3_MODADDR],HL
      91.  00:C03E  E5                  		PUSH HL
      92.  00:C03F  11 64 00            		LD DE,100
      93.  00:C042  19                  		ADD HL,DE
      94.  00:C043  7E                  		LD A,[HL]
      95.  00:C044  32 1C F0            		LD [PT3_Delay],A
      96.  00:C047  E5                  		PUSH HL
      97.  00:C048  DD E1               		POP IX
      98.  00:C04A  19                  		ADD HL,DE
      99.  00:C04B  22 03 F0            		LD [PT3_CrPsPtr],HL
     100.  00:C04E  DD 5E 02            		LD E,[IX+102-100]
     101.  00:C051  19                  		ADD HL,DE
     102.  00:C052  23                  		INC HL
     103.  00:C053  22 18 F0            		LD [PT3_LPosPtr],HL
     104.  00:C056  D1                  		POP DE
     105.  00:C057  DD 6E 03            		LD L,[IX+103-100]
     106.  00:C05A  DD 66 04            		LD H,[IX+104-100]
     107.  00:C05D  19                  		ADD HL,DE
     108.  00:C05E  22 1A F0            		LD [PT3_PatsPtr],HL
     109.  00:C061  21 A9 00            		LD HL,169
     110.  00:C064  19                  		ADD HL,DE
     111.  00:C065  22 07 F0            		LD [PT3_OrnPtrs],HL
     112.  00:C068  21 69 00            		LD HL,105
     113.  00:C06B  19                  		ADD HL,DE
     114.  00:C06C  22 05 F0            		LD [PT3_SAMPTRS],HL
     115.  00:C06F  21 00 F0            		LD HL,PT3_SETUP
     116.  00:C072  CB BE               		RES 7,[HL]
     117.  00:C074                      
     118.  00:C074                      		; --- note table data depacker ---
     119.  00:C074                      		; Depacks first 12 tones of each tone table
     120.  00:C074                      
     121.  00:C074  11 F5 C5            		LD DE,T_PACK
     122.  00:C077  01 B1 F1            		LD BC,T1_+(2*49)-1
     123.  00:C07A  1A                  .TP_0:		LD A,[DE]
     124.  00:C07B  13                  		INC DE
     125.  00:C07C  FE 1E               		CP 15*2
     126.  00:C07E  30 06               		JR NC,.TP_1
     127.  00:C080  67                  		LD H,A
     128.  00:C081  1A                  		LD A,[DE]
     129.  00:C082  6F                  		LD L,A
     130.  00:C083  13                  		INC DE
     131.  00:C084  18 07               		JR .TP_2
     132.  00:C086  D5                  .TP_1:		PUSH DE
     133.  00:C087  16 00               		LD D,0
     134.  00:C089  5F                  		LD E,A
     135.  00:C08A  19                  		ADD HL,DE
     136.  00:C08B  19                  		ADD HL,DE
     137.  00:C08C  D1                  		POP DE
     138.  00:C08D  7C                  .TP_2:		LD A,H
     139.  00:C08E  02                  		LD [BC],A
     140.  00:C08F  0B                  		DEC BC
     141.  00:C090  7D                  		LD A,L
     142.  00:C091  02                  		LD [BC],A
     143.  00:C092  0B                  		DEC BC
     144.  00:C093  D6 F0               		SUB $F0
     145.  00:C095  20 E3               		JR NZ,.TP_0
     146.  00:C097                      
     147.  00:C097                      		; --- INITIALIZE PT3 VARIABLES ---
     148.  00:C097  21 23 F0            		LD HL,VARS
     149.  00:C09A  77                  		LD [HL],A
     150.  00:C09B  11 24 F0            		LD DE,VARS+1
     151.  00:C09E  01 2C 01            		LD BC,VAR0END-VARS-1
     152.  00:C0A1  ED B0               		LDIR
     153.  00:C0A3                      
     154.  00:C0A3  3C                  		INC A
     155.  00:C0A4  32 7A F0            		LD [DelyCnt],A
     156.  00:C0A7  21 01 F0            		LD HL,$F001 ;H - CHNPRM_Volume, L - CHNPRM_NtSkCn
     157.  00:C0AA  22 3E F0            		LD [ChanA+CHNPRM_NtSkCn],HL
     158.  00:C0AD  22 5B F0            		LD [ChanB+CHNPRM_NtSkCn],HL
     159.  00:C0B0  22 78 F0            		LD [ChanC+CHNPRM_NtSkCn],HL
     160.  00:C0B3                      
     161.  00:C0B3  21 F1 C5            		LD HL,EMPTYSAMORN
     162.  00:C0B6  22 12 F0            		LD [PT3_AdInPtA],HL ;ptr to zero
     163.  00:C0B9  22 30 F0            		LD [ChanA+CHNPRM_OrnPtr],HL ;ornament 0 is "0,1,0"
     164.  00:C0BC  22 4D F0            		LD [ChanB+CHNPRM_OrnPtr],HL ;in all versions from
     165.  00:C0BF  22 6A F0            		LD [ChanC+CHNPRM_OrnPtr],HL ;3.xx to 3.6x and VTII
     166.  00:C0C2                      
     167.  00:C0C2  22 32 F0            		LD [ChanA+CHNPRM_SamPtr],HL ;S1 There is no default
     168.  00:C0C5  22 4F F0            		LD [ChanB+CHNPRM_SamPtr],HL ;S2 sample in PT3, so, you
     169.  00:C0C8  22 6C F0            		LD [ChanC+CHNPRM_SamPtr],HL ;S3 can comment S1,2,3; see
     170.  00:C0CB                      					    ;also EMPTYSAMORN comment
     171.  00:C0CB                      
     172.  00:C0CB                      		; --- NOTE TABLE CREATOR (c) Ivan Roshin, adapted by SapphiRe ---
     173.  00:C0CB  DD 7E FF            		LD A,[IX+99-100] ;TONE TABLE NUMBER
     174.  00:C0CE  17                  		RLA
     175.  00:C0CF  E6 07               		AND 7
     176.  00:C0D1  21 A1 C5            		LD HL,NT_DATA
     177.  00:C0D4  D5                  		PUSH DE
     178.  00:C0D5  50                  		LD D,B		; ld d,0 (bc is 0000 after LDIR)
     179.  00:C0D6  87                  		ADD A,A
     180.  00:C0D7  5F                  		LD E,A
     181.  00:C0D8  19                  		ADD HL,DE	; hl -> init of correct note table data
     182.  00:C0D9  5E                  		LD E,[HL]
     183.  00:C0DA  23                  		INC HL
     184.  00:C0DB  CB 3B               		SRL E
     185.  00:C0DD  9F                  		SBC A,A
     186.  00:C0DE  E6 A7               		AND $A7			;$00 (NOP) or $A7 (AND A)
     187.  00:C0E0  32 21 F0            		LD [PT3_NTL3],A		; CORRECT INSTRUCTION, DEPENDS OF SELECTED TABLE
     188.  00:C0E3  3E C9               		LD A,$C9		; RET CODE
     189.  00:C0E5  32 22 F0            		LD [PT3_NTL3+1],A	; RET PLACED
     190.  00:C0E8  EB                  		EX DE,HL
     191.  00:C0E9  C1                  		POP BC ;BC=T1_
     192.  00:C0EA  09                  		ADD HL,BC
     193.  00:C0EB                      
     194.  00:C0EB  1A                  		LD A,[DE]                           
     195.  00:C0EC                      
     196.  00:C0EC  01 B1 C5            		LD BC,T_
     197.  00:C0EF  81                  		ADD A,C
     198.  00:C0F0  4F                  		LD C,A
     199.  00:C0F1  88                  		ADC A,B
     200.  00:C0F2                      
     201.  00:C0F2  91                  		SUB C
     202.  00:C0F3  47                  		LD B,A
     203.  00:C0F4  C5                  		PUSH BC
     204.  00:C0F5  11 80 F0            		LD DE,NT_
     205.  00:C0F8  D5                  		PUSH DE
     206.  00:C0F9                      
     207.  00:C0F9  06 0C               		LD B,12
     208.  00:C0FB  C5                  .L1:		PUSH BC
     209.  00:C0FC  4E                  		LD C,[HL]
     210.  00:C0FD  23                  		INC HL
     211.  00:C0FE  E5                  		PUSH HL
     212.  00:C0FF  46                  		LD B,[HL]
     213.  00:C100                      
     214.  00:C100  D5                  		PUSH DE
     215.  00:C101  EB                  		EX DE,HL
     216.  00:C102  11 17 00            		LD DE,23
     217.  00:C105  DD 26 08            		db $DD,$26,$08	;LD XH,8
     218.  00:C108                      
     219.  00:C108  CB 38               .L2:		SRL B
     220.  00:C10A  CB 19               		RR C
     221.  00:C10C  CD 21 F0            .L3:		CALL PT3_NTL3	;AND A or NOP
     222.  00:C10F  79                  		LD A,C
     223.  00:C110  8A                  		ADC A,D	;=ADC 0
     224.  00:C111  77                  		LD [HL],A
     225.  00:C112  23                  		INC HL
     226.  00:C113  78                  		LD A,B
     227.  00:C114  8A                  		ADC A,D
     228.  00:C115  77                  		LD [HL],A
     229.  00:C116  19                  		ADD HL,DE
     230.  00:C117  DD 25               		db $DD,$25	;DEC XH
     231.  00:C119  20 ED               		JR NZ,.L2
     232.  00:C11B                      
     233.  00:C11B  D1                  		POP DE
     234.  00:C11C  13                  		INC DE
     235.  00:C11D  13                  		INC DE
     236.  00:C11E  E1                  		POP HL
     237.  00:C11F  23                  		INC HL
     238.  00:C120  C1                  		POP BC
     239.  00:C121  10 D8               		DJNZ .L1
     240.  00:C123                      
     241.  00:C123  E1                  		POP HL
     242.  00:C124  D1                  		POP DE
     243.  00:C125                      
     244.  00:C125  7B                  		LD A,E
     245.  00:C126  D5                  		PUSH DE
     246.  00:C127  11 BD C5            		LD DE,TCOLD_1
     247.  00:C12A  BB                  		CP E
     248.  00:C12B  D1                  		POP DE
     249.  00:C12C  20 05               		JR NZ,.CORR_1
     250.  00:C12E  3E FD               		LD A,$FD
     251.  00:C130  32 AE F0            		LD [NT_+$2E],A
     252.  00:C133                      
     253.  00:C133  1A                  .CORR_1:	LD A,[DE]
     254.  00:C134  A7                  		AND A
     255.  00:C135  28 11               		JR Z,.TC_EXIT
     256.  00:C137  1F                  		RRA
     257.  00:C138  F5                  		PUSH AF
     258.  00:C139  87                  		ADD A,A
     259.  00:C13A  4F                  		LD C,A
     260.  00:C13B  09                  		ADD HL,BC
     261.  00:C13C  F1                  		POP AF
     262.  00:C13D  30 02               		JR NC,.CORR_2
     263.  00:C13F  35                  		DEC [HL]
     264.  00:C140  35                  		DEC [HL]
     265.  00:C141  34                  .CORR_2:	INC [HL]
     266.  00:C142  A7                  		AND A
     267.  00:C143  ED 42               		SBC HL,BC
     268.  00:C145  13                  		INC DE
     269.  00:C146  18 EB               		JR .CORR_1
     270.  00:C148                      
     271.  00:C148                      .TC_EXIT:	;POP AF
     272.  00:C148                      
     273.  00:C148                      		; --- CREATE PT3 VOLUME TABLE (c) Ivan Roshin, adapted by SapphiRe ---
     274.  00:C148  21 11 00            		ld	hl,$11
     275.  00:C14B  54                  		ld	d,h
     276.  00:C14C  5C                  		ld	e,h
     277.  00:C14D  DD 21 50 F1         		ld	IX,VT_+16
     278.  00:C151  06 0F               		ld	b,15
     279.  00:C153  E5                  .INITV1:	push	hl
     280.  00:C154  19                  		add	hl,de
     281.  00:C155  EB                  		ex	de,hl
     282.  00:C156  ED 62               		sbc	hl,hl
     283.  00:C158  48                  		ld	c,b
     284.  00:C159  06 10               		ld	b,16
     285.  00:C15B  7D                  .INITV2:	ld	a,l
     286.  00:C15C  17                  		rla
     287.  00:C15D  7C                  		ld	a,h
     288.  00:C15E  CE 00               		adc	a,0
     289.  00:C160  DD 77 00            		ld	[ix],a
     290.  00:C163  DD 23               		inc	ix
     291.  00:C165  19                  		add	hl,de
     292.  00:C166  10 F3               		djnz	.INITV2
     293.  00:C168  E1                  		pop	hl
     294.  00:C169  7B                  		ld	a,e
     295.  00:C16A  FE 77               		cp	$77
     296.  00:C16C  20 01               		jr	nz,.INITV3
     297.  00:C16E  1C                  		inc	e
     298.  00:C16F  41                  .INITV3:	ld	b,c
     299.  00:C170  10 E1               		djnz	.INITV1
     300.  00:C172                      
     301.  00:C172  C9                  		RET
     302.  00:C173                      
     303.  00:C173                      		;pattern decoder
     304.  00:C173  DD 36 08 00         PD_OrSm:	LD [IX+(CHNPRM_Env_En-12)],0
     305.  00:C177  CD FD C2            		CALL SETORN
     306.  00:C17A  0A                  		LD A,[BC]
     307.  00:C17B  03                  		INC BC
     308.  00:C17C  0F                  		RRCA
     309.  00:C17D                      
     310.  00:C17D  87                  PD_SAM:		ADD A,A
     311.  00:C17E  5F                  PD_SAM_:	LD E,A
     312.  00:C17F  16 00               		LD D,0
     313.  00:C181  2A 05 F0            		LD HL,[PT3_SAMPTRS]
     314.  00:C184  19                  		ADD HL,DE
     315.  00:C185  5E                  		LD E,[HL]
     316.  00:C186  23                  		INC HL
     317.  00:C187  56                  		LD D,[HL]
     318.  00:C188  2A 01 F0            		LD HL,[PT3_MODADDR]
     319.  00:C18B  19                  		ADD HL,DE
     320.  00:C18C  DD 75 03            		LD [IX+(CHNPRM_SamPtr-12)],L
     321.  00:C18F  DD 74 04            		LD [IX+(CHNPRM_SamPtr+1-12)],H
     322.  00:C192  18 41               		JR PD_LOOP
     323.  00:C194                      
     324.  00:C194  07                  PD_VOL:		RLCA
     325.  00:C195  07                  		RLCA
     326.  00:C196  07                  		RLCA
     327.  00:C197  07                  		RLCA
     328.  00:C198  DD 77 10            		LD [IX+(CHNPRM_Volume-12)],A
     329.  00:C19B  18 3B               		JR PD_LP2
     330.  00:C19D                      	
     331.  00:C19D  DD 77 08            PD_EOff:	LD [IX+(CHNPRM_Env_En-12)],A
     332.  00:C1A0  DD 77 F4            		LD [IX+(CHNPRM_PsInOr-12)],A
     333.  00:C1A3  18 33               		JR PD_LP2
     334.  00:C1A5                      
     335.  00:C1A5  3D                  PD_SorE:	DEC A
     336.  00:C1A6  20 07               		JR NZ,PD_ENV
     337.  00:C1A8  0A                  		LD A,[BC]
     338.  00:C1A9  03                  		INC BC
     339.  00:C1AA  DD 77 05            		LD [IX+(CHNPRM_NNtSkp-12)],A
     340.  00:C1AD  18 29               		JR PD_LP2
     341.  00:C1AF                      
     342.  00:C1AF  CD E1 C2            PD_ENV:		CALL SETENV
     343.  00:C1B2  18 24               		JR PD_LP2
     344.  00:C1B4                      
     345.  00:C1B4  CD FD C2            PD_ORN:		CALL SETORN
     346.  00:C1B7  18 1C               		JR PD_LOOP
     347.  00:C1B9                             
     348.  00:C1B9  DD 77 08            PD_ESAM:	LD [IX+(CHNPRM_Env_En-12)],A
     349.  00:C1BC  DD 77 F4            		LD [IX+(CHNPRM_PsInOr-12)],A
     350.  00:C1BF  C4 E1 C2            		CALL NZ,SETENV
     351.  00:C1C2  0A                  		LD A,[BC]
     352.  00:C1C3  03                  		INC BC
     353.  00:C1C4  18 B8               		JR PD_SAM_
     354.  00:C1C6                      
     355.  00:C1C6  DD 7E 06            PTDECOD:	LD A,[IX+(CHNPRM_Note-12)]
     356.  00:C1C9  32 0F F0            		LD [PT3_PrNote],A
     357.  00:C1CC  DD 6E FA            		LD L,[IX+(CHNPRM_CrTnSl-12)]
     358.  00:C1CF  DD 66 FB            		LD H,[IX+(CHNPRM_CrTnSl+1-12)]
     359.  00:C1D2  22 10 F0            		LD [PT3_PrSlide],HL
     360.  00:C1D5                      
     361.  00:C1D5  11 10 20            PD_LOOP:	LD DE,$2010
     362.  00:C1D8  0A                  PD_LP2:		LD A,[BC]
     363.  00:C1D9  03                  		INC BC
     364.  00:C1DA  83                  		ADD A,E
     365.  00:C1DB  38 96               		JR C,PD_OrSm
     366.  00:C1DD  82                  		ADD A,D
     367.  00:C1DE  28 4A               		JR Z,PD_FIN
     368.  00:C1E0  38 9B               		JR C,PD_SAM
     369.  00:C1E2  83                  		ADD A,E
     370.  00:C1E3  28 25               		JR Z,PD_REL
     371.  00:C1E5  38 AD               		JR C,PD_VOL
     372.  00:C1E7  83                  		ADD A,E
     373.  00:C1E8  28 B3               		JR Z,PD_EOff
     374.  00:C1EA  38 B9               		JR C,PD_SorE
     375.  00:C1EC  C6 60               		ADD A,96
     376.  00:C1EE  38 20               		JR C,PD_NOTE
     377.  00:C1F0  83                  		ADD A,E
     378.  00:C1F1  38 C1               		JR C,PD_ORN
     379.  00:C1F3  82                  		ADD A,D
     380.  00:C1F4  38 0F               		JR C,PD_NOIS
     381.  00:C1F6  83                  		ADD A,E
     382.  00:C1F7  38 C0               		JR C,PD_ESAM
     383.  00:C1F9  87                  		ADD A,A
     384.  00:C1FA  5F                  		LD E,A
     385.  00:C1FB  21 36 A2            		LD HL,(SPCCOMS+$DF20) % 65536	; Adapted from original Speccy version (saves 6 bytes)
     386.  00:C1FE  19                  		ADD HL,DE
     387.  00:C1FF  5E                  		LD E,[HL]
     388.  00:C200  23                  		INC HL
     389.  00:C201  56                  		LD D,[HL]
     390.  00:C202  D5                  		PUSH DE
     391.  00:C203  18 D0               		JR PD_LOOP
     392.  00:C205                      
     393.  00:C205  32 7E F0            PD_NOIS:	LD [Ns_Base],A
     394.  00:C208  18 CE               		JR PD_LP2
     395.  00:C20A                      
     396.  00:C20A  DD CB 09 86         PD_REL:		RES 0,[IX+(CHNPRM_Flags-12)]
     397.  00:C20E  18 08               		JR PD_RES
     398.  00:C210                      	
     399.  00:C210  DD 77 06            PD_NOTE:	LD [IX+(CHNPRM_Note-12)],A
     400.  00:C213  DD CB 09 C6         		SET 0,[IX+(CHNPRM_Flags-12)]
     401.  00:C217  AF                  		XOR A
     402.  00:C218                      
     403.  00:C218  ED 73 09 F0         PD_RES:		LD [PT3_PDSP],SP
     404.  00:C21C  DD F9               		LD SP,IX
     405.  00:C21E  67                  		LD H,A
     406.  00:C21F  6F                  		LD L,A
     407.  00:C220  E5                  		PUSH HL
     408.  00:C221  E5                  		PUSH HL
     409.  00:C222  E5                  		PUSH HL
     410.  00:C223  E5                  		PUSH HL
     411.  00:C224  E5                  		PUSH HL
     412.  00:C225  E5                  		PUSH HL
     413.  00:C226  ED 7B 09 F0         		LD SP,[PT3_PDSP]
     414.  00:C22A                      
     415.  00:C22A  DD 7E 05            PD_FIN:		LD A,[IX+(CHNPRM_NNtSkp-12)]
     416.  00:C22D  DD 77 0F            		LD [IX+(CHNPRM_NtSkCn-12)],A
     417.  00:C230  C9                  		RET
     418.  00:C231                      
     419.  00:C231  DD CB 09 96         C_PORTM:	RES 2,[IX+(CHNPRM_Flags-12)]
     420.  00:C235  0A                  		LD A,[BC]
     421.  00:C236  03                  		INC BC
     422.  00:C237                      		;SKIP PRECALCULATED TONE DELTA [BECAUSE
     423.  00:C237                      		;CANNOT BE RIGHT AFTER PT3 COMPILATION]
     424.  00:C237  03                  		INC BC
     425.  00:C238  03                  		INC BC
     426.  00:C239  DD 77 0A            		LD [IX+(CHNPRM_TnSlDl-12)],A
     427.  00:C23C  DD 77 F9            		LD [IX+(CHNPRM_TSlCnt-12)],A
     428.  00:C23F  11 80 F0            		LD DE,NT_
     429.  00:C242  DD 7E 06            		LD A,[IX+(CHNPRM_Note-12)]
     430.  00:C245  DD 77 07            		LD [IX+(CHNPRM_SlToNt-12)],A
     431.  00:C248  87                  		ADD A,A
     432.  00:C249  6F                  		LD L,A
     433.  00:C24A  26 00               		LD H,0
     434.  00:C24C  19                  		ADD HL,DE
     435.  00:C24D  7E                  		LD A,[HL]
     436.  00:C24E  23                  		INC HL
     437.  00:C24F  66                  		LD H,[HL]
     438.  00:C250  6F                  		LD L,A
     439.  00:C251  E5                  		PUSH HL
     440.  00:C252  3A 0F F0            		LD A,[PT3_PrNote]
     441.  00:C255  DD 77 06            		LD [IX+(CHNPRM_Note-12)],A
     442.  00:C258  87                  		ADD A,A
     443.  00:C259  6F                  		LD L,A
     444.  00:C25A  26 00               		LD H,0
     445.  00:C25C  19                  		ADD HL,DE
     446.  00:C25D  5E                  		LD E,[HL]
     447.  00:C25E  23                  		INC HL
     448.  00:C25F  56                  		LD D,[HL]
     449.  00:C260  E1                  		POP HL
     450.  00:C261  ED 52               		SBC HL,DE
     451.  00:C263  DD 75 0D            		LD [IX+(CHNPRM_TnDelt-12)],L
     452.  00:C266  DD 74 0E            		LD [IX+(CHNPRM_TnDelt+1-12)],H
     453.  00:C269  ED 5B 10 F0         		LD DE,[PT3_PrSlide]
     454.  00:C26D  DD 73 FA            		LD [IX+(CHNPRM_CrTnSl-12)],E
     455.  00:C270  DD 72 FB            		LD [IX+(CHNPRM_CrTnSl+1-12)],D
     456.  00:C273  0A                  		LD A,[BC] ;SIGNED TONE STEP
     457.  00:C274  03                  		INC BC
     458.  00:C275  08                  		EX AF,AF'
     459.  00:C276  0A                  		LD A,[BC]
     460.  00:C277  03                  		INC BC
     461.  00:C278  A7                  		AND A
     462.  00:C279  28 01               		JR Z,.NOSIG
     463.  00:C27B  EB                  		EX DE,HL
     464.  00:C27C  ED 52               .NOSIG:	SBC HL,DE
     465.  00:C27E  F2 86 C2            		JP P,SET_STP
     466.  00:C281  2F                  		CPL
     467.  00:C282  08                  		EX AF,AF'
     468.  00:C283  ED 44               		NEG
     469.  00:C285  08                  		EX AF,AF'
     470.  00:C286  DD 77 0C            SET_STP:	LD [IX+(CHNPRM_TSlStp+1-12)],A
     471.  00:C289  08                  		EX AF,AF'
     472.  00:C28A  DD 77 0B            		LD [IX+(CHNPRM_TSlStp-12)],A
     473.  00:C28D  DD 36 FE 00         		LD [IX+(CHNPRM_COnOff-12)],0
     474.  00:C291  C9                  		RET
     475.  00:C292                      
     476.  00:C292  DD CB 09 D6         C_GLISS:	SET 2,[IX+(CHNPRM_Flags-12)]
     477.  00:C296  0A                  		LD A,[BC]
     478.  00:C297  03                  		INC BC
     479.  00:C298  DD 77 0A            		LD [IX+(CHNPRM_TnSlDl-12)],A
     480.  00:C29B  DD 77 F9            		LD [IX+(CHNPRM_TSlCnt-12)],A
     481.  00:C29E  0A                  		LD A,[BC]
     482.  00:C29F  03                  		INC BC
     483.  00:C2A0  08                  		EX AF,AF'
     484.  00:C2A1  0A                  		LD A,[BC]
     485.  00:C2A2  03                  		INC BC
     486.  00:C2A3  18 E1               		JR SET_STP
     487.  00:C2A5                      
     488.  00:C2A5  0A                  C_SMPOS:	LD A,[BC]
     489.  00:C2A6  03                  		INC BC
     490.  00:C2A7  DD 77 F5            		LD [IX+(CHNPRM_PsInSm-12)],A
     491.  00:C2AA  C9                  		RET
     492.  00:C2AB                      
     493.  00:C2AB  0A                  C_ORPOS:	LD A,[BC]
     494.  00:C2AC  03                  		INC BC
     495.  00:C2AD  DD 77 F4            		LD [IX+(CHNPRM_PsInOr-12)],A
     496.  00:C2B0  C9                  		RET
     497.  00:C2B1                      
     498.  00:C2B1  0A                  C_VIBRT:	LD A,[BC]
     499.  00:C2B2  03                  		INC BC
     500.  00:C2B3  DD 77 FF            		LD [IX+(CHNPRM_OnOffD-12)],A
     501.  00:C2B6  DD 77 FE            		LD [IX+(CHNPRM_COnOff-12)],A
     502.  00:C2B9  0A                  		LD A,[BC]
     503.  00:C2BA  03                  		INC BC
     504.  00:C2BB  DD 77 00            		LD [IX+(CHNPRM_OffOnD-12)],A
     505.  00:C2BE  AF                  		XOR A
     506.  00:C2BF  DD 77 F9            		LD [IX+(CHNPRM_TSlCnt-12)],A
     507.  00:C2C2  DD 77 FA            		LD [IX+(CHNPRM_CrTnSl-12)],A
     508.  00:C2C5  DD 77 FB            		LD [IX+(CHNPRM_CrTnSl+1-12)],A
     509.  00:C2C8  C9                  		RET
     510.  00:C2C9                      
     511.  00:C2C9  0A                  C_ENGLS:	LD A,[BC]
     512.  00:C2CA  03                  		INC BC
     513.  00:C2CB  32 1E F0            		LD [PT3_Env_Del],A
     514.  00:C2CE  32 7D F0            		LD [CurEDel],A
     515.  00:C2D1  0A                  		LD A,[BC]
     516.  00:C2D2  03                  		INC BC
     517.  00:C2D3  6F                  		LD L,A
     518.  00:C2D4  0A                  		LD A,[BC]
     519.  00:C2D5  03                  		INC BC
     520.  00:C2D6  67                  		LD H,A
     521.  00:C2D7  22 1F F0            		LD [PT3_ESldAdd],HL
     522.  00:C2DA  C9                  		RET
     523.  00:C2DB                      
     524.  00:C2DB  0A                  C_DELAY:	LD A,[BC]
     525.  00:C2DC  03                  		INC BC
     526.  00:C2DD  32 1C F0            		LD [PT3_Delay],A
     527.  00:C2E0  C9                  		RET
     528.  00:C2E1                      	
     529.  00:C2E1  DD 73 08            SETENV:		LD [IX+(CHNPRM_Env_En-12)],E
     530.  00:C2E4  32 4D F1            		LD [AYREGS+AR_EnvTp],A
     531.  00:C2E7  0A                  		LD A,[BC]
     532.  00:C2E8  03                  		INC BC
     533.  00:C2E9  67                  		LD H,A
     534.  00:C2EA  0A                  		LD A,[BC]
     535.  00:C2EB  03                  		INC BC
     536.  00:C2EC  6F                  		LD L,A
     537.  00:C2ED  22 4E F1            		LD [EnvBase],HL
     538.  00:C2F0  AF                  		XOR A
     539.  00:C2F1  DD 77 F4            		LD [IX+(CHNPRM_PsInOr-12)],A
     540.  00:C2F4  32 7D F0            		LD [CurEDel],A
     541.  00:C2F7  67                  		LD H,A
     542.  00:C2F8  6F                  		LD L,A
     543.  00:C2F9  22 7B F0            		LD [CurESld],HL
     544.  00:C2FC  C9                  C_NOP:		RET
     545.  00:C2FD                      
     546.  00:C2FD  87                  SETORN:		ADD A,A
     547.  00:C2FE  5F                  		LD E,A
     548.  00:C2FF  16 00               		LD D,0
     549.  00:C301  DD 72 F4            		LD [IX+(CHNPRM_PsInOr-12)],D
     550.  00:C304  2A 07 F0            		LD HL,[PT3_OrnPtrs]
     551.  00:C307  19                  		ADD HL,DE
     552.  00:C308  5E                  		LD E,[HL]
     553.  00:C309  23                  		INC HL
     554.  00:C30A  56                  		LD D,[HL]
     555.  00:C30B  2A 01 F0            		LD HL,[PT3_MODADDR]
     556.  00:C30E  19                  		ADD HL,DE
     557.  00:C30F  DD 75 01            		LD [IX+(CHNPRM_OrnPtr-12)],L
     558.  00:C312  DD 74 02            		LD [IX+(CHNPRM_OrnPtr+1-12)],H
     559.  00:C315  C9                  		RET
     560.  00:C316                      
     561.  00:C316                      		;ALL 16 ADDRESSES TO PROTECT FROM BROKEN PT3 MODULES
     562.  00:C316  FC C2               SPCCOMS:	dw C_NOP
     563.  00:C318  92 C2               		dw C_GLISS
     564.  00:C31A  31 C2               		dw C_PORTM
     565.  00:C31C  A5 C2               		dw C_SMPOS
     566.  00:C31E  AB C2               		dw C_ORPOS
     567.  00:C320  B1 C2               		dw C_VIBRT
     568.  00:C322  FC C2               		dw C_NOP
     569.  00:C324  FC C2               		dw C_NOP
     570.  00:C326  C9 C2               		dw C_ENGLS
     571.  00:C328  DB C2               		dw C_DELAY
     572.  00:C32A  FC C2               		dw C_NOP
     573.  00:C32C  FC C2               		dw C_NOP
     574.  00:C32E  FC C2               		dw C_NOP
     575.  00:C330  FC C2               		dw C_NOP
     576.  00:C332  FC C2               		dw C_NOP
     577.  00:C334  FC C2               		dw C_NOP
     578.  00:C336                      
     579.  00:C336  AF                  CHREGS:		XOR A
     580.  00:C337  32 4A F1            		LD [AYREGS+AR_AmplC],A
     581.  00:C33A  DD CB 15 46         		BIT 0,[IX+CHNPRM_Flags]
     582.  00:C33E  E5                  		PUSH HL
     583.  00:C33F  CA 65 C4            		JP Z,.CH_EXIT
     584.  00:C342  ED 73 0B F0         		LD [PT3_CSP],SP
     585.  00:C346  DD 6E 0D            		LD L,[IX+CHNPRM_OrnPtr]
     586.  00:C349  DD 66 0E            		LD H,[IX+CHNPRM_OrnPtr+1]
     587.  00:C34C  F9                  		LD SP,HL
     588.  00:C34D  D1                  		POP DE
     589.  00:C34E  67                  		LD H,A
     590.  00:C34F  DD 7E 00            		LD A,[IX+CHNPRM_PsInOr]
     591.  00:C352  6F                  		LD L,A
     592.  00:C353  39                  		ADD HL,SP
     593.  00:C354  3C                  		INC A
     594.  00:C355  BA                  		CP D
     595.  00:C356  38 01               		JR C,.CH_ORPS
     596.  00:C358  7B                  		LD A,E
     597.  00:C359  DD 77 00            .CH_ORPS:	LD [IX+CHNPRM_PsInOr],A
     598.  00:C35C  DD 7E 12            		LD A,[IX+CHNPRM_Note]
     599.  00:C35F  86                  		ADD A,[HL]
     600.  00:C360  F2 64 C3            		JP P,.CH_NTP
     601.  00:C363  AF                  		XOR A
     602.  00:C364  FE 60               .CH_NTP:	CP 96
     603.  00:C366  38 02               		JR C,.CH_NOK
     604.  00:C368  3E 5F               		LD A,95
     605.  00:C36A  87                  .CH_NOK:	ADD A,A
     606.  00:C36B  08                  		EX AF,AF'
     607.  00:C36C  DD 6E 0F            		LD L,[IX+CHNPRM_SamPtr]
     608.  00:C36F  DD 66 10            		LD H,[IX+CHNPRM_SamPtr+1]
     609.  00:C372  F9                  		LD SP,HL
     610.  00:C373  D1                  		POP DE
     611.  00:C374  26 00               		LD H,0
     612.  00:C376  DD 7E 01            		LD A,[IX+CHNPRM_PsInSm]
     613.  00:C379  47                  		LD B,A
     614.  00:C37A  87                  		ADD A,A
     615.  00:C37B  87                  		ADD A,A
     616.  00:C37C  6F                  		LD L,A
     617.  00:C37D  39                  		ADD HL,SP
     618.  00:C37E  F9                  		LD SP,HL
     619.  00:C37F  78                  		LD A,B
     620.  00:C380  3C                  		INC A
     621.  00:C381  BA                  		CP D
     622.  00:C382  38 01               		JR C,.CH_SMPS
     623.  00:C384  7B                  		LD A,E
     624.  00:C385  DD 77 01            .CH_SMPS:	LD [IX+CHNPRM_PsInSm],A
     625.  00:C388  C1                  		POP BC
     626.  00:C389  E1                  		POP HL
     627.  00:C38A  DD 5E 08            		LD E,[IX+CHNPRM_TnAcc]
     628.  00:C38D  DD 56 09            		LD D,[IX+CHNPRM_TnAcc+1]
     629.  00:C390  19                  		ADD HL,DE
     630.  00:C391  CB 70               		BIT 6,B
     631.  00:C393  28 06               		JR Z,.CH_NOAC
     632.  00:C395  DD 75 08            		LD [IX+CHNPRM_TnAcc],L
     633.  00:C398  DD 74 09            		LD [IX+CHNPRM_TnAcc+1],H
     634.  00:C39B  EB                  .CH_NOAC:	EX DE,HL
     635.  00:C39C  08                  		EX AF,AF'
     636.  00:C39D  6F                  		LD L,A
     637.  00:C39E  26 00               		LD H,0
     638.  00:C3A0  31 80 F0            		LD SP,NT_
     639.  00:C3A3  39                  		ADD HL,SP
     640.  00:C3A4  F9                  		LD SP,HL
     641.  00:C3A5  E1                  		POP HL
     642.  00:C3A6  19                  		ADD HL,DE
     643.  00:C3A7  DD 5E 06            		LD E,[IX+CHNPRM_CrTnSl]
     644.  00:C3AA  DD 56 07            		LD D,[IX+CHNPRM_CrTnSl+1]
     645.  00:C3AD  19                  		ADD HL,DE
     646.  00:C3AE  ED 7B 0B F0         		LD SP,[PT3_CSP]
     647.  00:C3B2  E3                  		EX [SP],HL
     648.  00:C3B3  AF                  		XOR A
     649.  00:C3B4  DD B6 05            		OR [IX+CHNPRM_TSlCnt]
     650.  00:C3B7  28 3E               		JR Z,.CH_AMP
     651.  00:C3B9  DD 35 05            		DEC [IX+CHNPRM_TSlCnt]
     652.  00:C3BC  20 39               		JR NZ,.CH_AMP
     653.  00:C3BE  DD 7E 16            		LD A,[IX+CHNPRM_TnSlDl]
     654.  00:C3C1  DD 77 05            		LD [IX+CHNPRM_TSlCnt],A
     655.  00:C3C4  DD 6E 17            		LD L,[IX+CHNPRM_TSlStp]
     656.  00:C3C7  DD 66 18            		LD H,[IX+CHNPRM_TSlStp+1]
     657.  00:C3CA  7C                  		LD A,H
     658.  00:C3CB  19                  		ADD HL,DE
     659.  00:C3CC  DD 75 06            		LD [IX+CHNPRM_CrTnSl],L
     660.  00:C3CF  DD 74 07            		LD [IX+CHNPRM_CrTnSl+1],H
     661.  00:C3D2  DD CB 15 56         		BIT 2,[IX+CHNPRM_Flags]
     662.  00:C3D6  20 1F               		JR NZ,.CH_AMP
     663.  00:C3D8  DD 5E 19            		LD E,[IX+CHNPRM_TnDelt]
     664.  00:C3DB  DD 56 1A            		LD D,[IX+CHNPRM_TnDelt+1]
     665.  00:C3DE  A7                  		AND A
     666.  00:C3DF  28 01               		JR Z,.CH_STPP
     667.  00:C3E1  EB                  		EX DE,HL
     668.  00:C3E2  ED 52               .CH_STPP:	SBC HL,DE
     669.  00:C3E4  FA F7 C3            		JP M,.CH_AMP
     670.  00:C3E7  DD 7E 13            		LD A,[IX+CHNPRM_SlToNt]
     671.  00:C3EA  DD 77 12            		LD [IX+CHNPRM_Note],A
     672.  00:C3ED  AF                  		XOR A
     673.  00:C3EE  DD 77 05            		LD [IX+CHNPRM_TSlCnt],A
     674.  00:C3F1  DD 77 06            		LD [IX+CHNPRM_CrTnSl],A
     675.  00:C3F4  DD 77 07            		LD [IX+CHNPRM_CrTnSl+1],A
     676.  00:C3F7  DD 7E 02            .CH_AMP:	LD A,[IX+CHNPRM_CrAmSl]
     677.  00:C3FA  CB 79               		BIT 7,C
     678.  00:C3FC  28 13               		JR Z,.CH_NOAM
     679.  00:C3FE  CB 71               		BIT 6,C
     680.  00:C400  28 07               		JR Z,.CH_AMIN
     681.  00:C402  FE 0F               		CP 15
     682.  00:C404  28 0B               		JR Z,.CH_NOAM
     683.  00:C406  3C                  		INC A
     684.  00:C407  18 05               		JR .CH_SVAM
     685.  00:C409  FE F1               .CH_AMIN:	CP -15
     686.  00:C40B  28 04               		JR Z,.CH_NOAM
     687.  00:C40D  3D                  		DEC A
     688.  00:C40E  DD 77 02            .CH_SVAM:	LD [IX+CHNPRM_CrAmSl],A
     689.  00:C411  6F                  .CH_NOAM:	LD L,A
     690.  00:C412  78                  		LD A,B
     691.  00:C413  E6 0F               		AND 15
     692.  00:C415  85                  		ADD A,L
     693.  00:C416  F2 1A C4            		JP P,.CH_APOS
     694.  00:C419  AF                  		XOR A
     695.  00:C41A  FE 10               .CH_APOS:	CP 16
     696.  00:C41C  38 02               		JR C,.CH_VOL
     697.  00:C41E  3E 0F               		LD A,15
     698.  00:C420  DD B6 1C            .CH_VOL:	OR [IX+CHNPRM_Volume]
     699.  00:C423  6F                  		LD L,A
     700.  00:C424  26 00               		LD H,0
     701.  00:C426  11 40 F1            		LD DE,VT_
     702.  00:C429  19                  		ADD HL,DE
     703.  00:C42A  7E                  		LD A,[HL]
     704.  00:C42B  CB 41               .CH_ENV:	BIT 0,C
     705.  00:C42D  20 03               		JR NZ,.CH_NOEN
     706.  00:C42F  DD B6 14            		OR [IX+CHNPRM_Env_En]
     707.  00:C432  32 4A F1            .CH_NOEN:	LD [AYREGS+AR_AmplC],A
     708.  00:C435  CB 78               		BIT 7,B
     709.  00:C437  79                  		LD A,C
     710.  00:C438  28 19               		JR Z,.NO_ENSL
     711.  00:C43A  17                  		RLA
     712.  00:C43B  17                  		RLA
     713.  00:C43C  CB 2F               		SRA A
     714.  00:C43E  CB 2F               		SRA A
     715.  00:C440  CB 2F               		SRA A
     716.  00:C442  DD 86 04            		ADD A,[IX+CHNPRM_CrEnSl] ;SEE COMMENT BELOW
     717.  00:C445  CB 68               		BIT 5,B
     718.  00:C447  28 03               		JR Z,.NO_ENAC
     719.  00:C449  DD 77 04            		LD [IX+CHNPRM_CrEnSl],A
     720.  00:C44C  21 1D F0            .NO_ENAC:	LD HL,PT3_AddToEn
     721.  00:C44F  86                  		ADD A,[HL] ;BUG IN PT3 - NEED WORD HERE.
     722.  00:C450                      			   ;FIX IT IN NEXT VERSION?
     723.  00:C450  77                  		LD [HL],A
     724.  00:C451  18 0E               		JR .CH_MIX
     725.  00:C453  1F                  .NO_ENSL:	RRA
     726.  00:C454  DD 86 03            		ADD A,[IX+CHNPRM_CrNsSl]
     727.  00:C457  32 7F F0            		LD [AddToNs],A
     728.  00:C45A  CB 68               		BIT 5,B
     729.  00:C45C  28 03               		JR Z,.CH_MIX
     730.  00:C45E  DD 77 03            		LD [IX+CHNPRM_CrNsSl],A
     731.  00:C461  78                  .CH_MIX:	LD A,B
     732.  00:C462  1F                  		RRA
     733.  00:C463  E6 48               		AND $48
     734.  00:C465  21 47 F1            .CH_EXIT:	LD HL,AYREGS+AR_Mixer
     735.  00:C468  B6                  		OR [HL]
     736.  00:C469  0F                  		RRCA
     737.  00:C46A  77                  		LD [HL],A
     738.  00:C46B  E1                  		POP HL
     739.  00:C46C  AF                  		XOR A
     740.  00:C46D  DD B6 0A            		OR [IX+CHNPRM_COnOff]
     741.  00:C470  C8                  		RET Z
     742.  00:C471  DD 35 0A            		DEC [IX+CHNPRM_COnOff]
     743.  00:C474  C0                  		RET NZ
     744.  00:C475  DD AE 15            		XOR [IX+CHNPRM_Flags]
     745.  00:C478  DD 77 15            		LD [IX+CHNPRM_Flags],A
     746.  00:C47B  1F                  		RRA
     747.  00:C47C  DD 7E 0B            		LD A,[IX+CHNPRM_OnOffD]
     748.  00:C47F  38 03               		JR C,.CH_ONDL
     749.  00:C481  DD 7E 0C            		LD A,[IX+CHNPRM_OffOnD]
     750.  00:C484  DD 77 0A            .CH_ONDL:	LD [IX+CHNPRM_COnOff],A
     751.  00:C487  C9                  		RET
     752.  00:C488                      
     753.  00:C488  AF                  PT3_PLAY:	XOR A
     754.  00:C489  32 1D F0            		LD [PT3_AddToEn],A
     755.  00:C48C  32 47 F1            		LD [AYREGS+AR_Mixer],A
     756.  00:C48F  3D                  		DEC A
     757.  00:C490  32 4D F1            		LD [AYREGS+AR_EnvTp],A
     758.  00:C493  21 7A F0            		LD HL,DelyCnt
     759.  00:C496  35                  		DEC [HL]
     760.  00:C497  C2 1E C5            		JP NZ,.PL2
     761.  00:C49A  21 3E F0            		LD HL,ChanA+CHNPRM_NtSkCn
     762.  00:C49D  35                  		DEC [HL]
     763.  00:C49E  20 4E               		JR NZ,.PL1B
     764.  00:C4A0  ED 4B 12 F0         		LD BC,[PT3_AdInPtA]
     765.  00:C4A4  0A                  		LD A,[BC]
     766.  00:C4A5  A7                  		AND A
     767.  00:C4A6  20 3B               		JR NZ,.PL1A
     768.  00:C4A8  57                  		LD D,A
     769.  00:C4A9  32 7E F0            		LD [Ns_Base],A
     770.  00:C4AC  2A 03 F0            		LD HL,[PT3_CrPsPtr]
     771.  00:C4AF  23                  		INC HL
     772.  00:C4B0  7E                  		LD A,[HL]
     773.  00:C4B1  3C                  		INC A
     774.  00:C4B2  20 08               		JR NZ,.PLNLP
     775.  00:C4B4  CD 1E C0            		CALL CHECKLP
     776.  00:C4B7  2A 18 F0            		LD HL,[PT3_LPosPtr]
     777.  00:C4BA  7E                  		LD A,[HL]
     778.  00:C4BB  3C                  		INC A
     779.  00:C4BC  22 03 F0            .PLNLP:	LD [PT3_CrPsPtr],HL
     780.  00:C4BF  3D                  		DEC A
     781.  00:C4C0  87                  		ADD A,A
     782.  00:C4C1  5F                  		LD E,A
     783.  00:C4C2  CB 12               		RL D
     784.  00:C4C4  2A 1A F0            		LD HL,[PT3_PatsPtr]
     785.  00:C4C7  19                  		ADD HL,DE
     786.  00:C4C8  ED 5B 01 F0         		LD DE,[PT3_MODADDR]
     787.  00:C4CC  ED 73 0D F0         		LD [PT3_PSP],SP
     788.  00:C4D0  F9                  		LD SP,HL
     789.  00:C4D1  E1                  		POP HL
     790.  00:C4D2  19                  		ADD HL,DE
     791.  00:C4D3  44                  		LD B,H
     792.  00:C4D4  4D                  		LD C,L
     793.  00:C4D5  E1                  		POP HL
     794.  00:C4D6  19                  		ADD HL,DE
     795.  00:C4D7  22 14 F0            		LD [PT3_AdInPtB],HL
     796.  00:C4DA  E1                  		POP HL
     797.  00:C4DB  19                  		ADD HL,DE
     798.  00:C4DC  22 16 F0            		LD [PT3_AdInPtC],HL
     799.  00:C4DF  ED 7B 0D F0         		LD SP,[PT3_PSP]
     800.  00:C4E3                      
     801.  00:C4E3  DD 21 2F F0         .PL1A:		LD IX,ChanA+12
     802.  00:C4E7  CD C6 C1            		CALL PTDECOD
     803.  00:C4EA  ED 43 12 F0         		LD [PT3_AdInPtA],BC
     804.  00:C4EE                      
     805.  00:C4EE  21 5B F0            .PL1B:		LD HL,ChanB+CHNPRM_NtSkCn
     806.  00:C4F1  35                  		DEC [HL]
     807.  00:C4F2  20 0F               		JR NZ,.PL1C
     808.  00:C4F4  DD 21 4C F0         		LD IX,ChanB+12
     809.  00:C4F8  ED 4B 14 F0         		LD BC,[PT3_AdInPtB]
     810.  00:C4FC  CD C6 C1            		CALL PTDECOD
     811.  00:C4FF  ED 43 14 F0         		LD [PT3_AdInPtB],BC
     812.  00:C503                      
     813.  00:C503  21 78 F0            .PL1C:		LD HL,ChanC+CHNPRM_NtSkCn
     814.  00:C506  35                  		DEC [HL]
     815.  00:C507  20 0F               		JR NZ,.PL1D
     816.  00:C509  DD 21 69 F0         		LD IX,ChanC+12
     817.  00:C50D  ED 4B 16 F0         		LD BC,[PT3_AdInPtC]
     818.  00:C511  CD C6 C1            		CALL PTDECOD
     819.  00:C514  ED 43 16 F0         		LD [PT3_AdInPtC],BC
     820.  00:C518                      
     821.  00:C518  3A 1C F0            .PL1D:		LD A,[PT3_Delay]
     822.  00:C51B  32 7A F0            		LD [DelyCnt],A
     823.  00:C51E                      
     824.  00:C51E  DD 21 23 F0         .PL2:		LD IX,ChanA
     825.  00:C522  2A 40 F1            		LD HL,[AYREGS+AR_TonA]
     826.  00:C525  CD 36 C3            		CALL CHREGS
     827.  00:C528  22 40 F1            		LD [AYREGS+AR_TonA],HL
     828.  00:C52B  3A 4A F1            		LD A,[AYREGS+AR_AmplC]
     829.  00:C52E  32 48 F1            		LD [AYREGS+AR_AmplA],A
     830.  00:C531  DD 21 40 F0         		LD IX,ChanB
     831.  00:C535  2A 42 F1            		LD HL,[AYREGS+AR_TonB]
     832.  00:C538  CD 36 C3            		CALL CHREGS
     833.  00:C53B  22 42 F1            		LD [AYREGS+AR_TonB],HL
     834.  00:C53E  3A 4A F1            		LD A,[AYREGS+AR_AmplC]
     835.  00:C541  32 49 F1            		LD [AYREGS+AR_AmplB],A
     836.  00:C544  DD 21 5D F0         		LD IX,ChanC
     837.  00:C548  2A 44 F1            		LD HL,[AYREGS+AR_TonC]
     838.  00:C54B  CD 36 C3            		CALL CHREGS
     839.  00:C54E  22 44 F1            		LD [AYREGS+AR_TonC],HL
     840.  00:C551                      
     841.  00:C551  2A 7E F0            		LD HL,[Ns_Base_AddToNs]
     842.  00:C554  7C                  		LD A,H
     843.  00:C555  85                  		ADD A,L
     844.  00:C556  32 46 F1            		LD [AYREGS+AR_Noise],A
     845.  00:C559                      
     846.  00:C559  3A 1D F0            		LD A,[PT3_AddToEn]
     847.  00:C55C  5F                  		LD E,A
     848.  00:C55D  87                  		ADD A,A
     849.  00:C55E  9F                  		SBC A,A
     850.  00:C55F  57                  		LD D,A
     851.  00:C560  2A 4E F1            		LD HL,[EnvBase]
     852.  00:C563  19                  		ADD HL,DE
     853.  00:C564  ED 5B 7B F0         		LD DE,[CurESld]
     854.  00:C568  19                  		ADD HL,DE
     855.  00:C569  22 4B F1            		LD [AYREGS+AR_Env],HL
     856.  00:C56C                      
     857.  00:C56C  AF                  		XOR A
     858.  00:C56D  21 7D F0            		LD HL,CurEDel
     859.  00:C570  B6                  		OR [HL]
     860.  00:C571  C8                  		RET Z
     861.  00:C572  35                  		DEC [HL]
     862.  00:C573  C0                  		RET NZ
     863.  00:C574  3A 1E F0            		LD A,[PT3_Env_Del]
     864.  00:C577  77                  		LD [HL],A
     865.  00:C578  2A 1F F0            		LD HL,[PT3_ESldAdd]
     866.  00:C57B  19                  		ADD HL,DE
     867.  00:C57C  22 7B F0            		LD [CurESld],HL
     868.  00:C57F  C9                  		RET
     869.  00:C580                      
     870.  00:C580  AF                  PT3_ROUT:	XOR A
     871.  00:C581                      	
     872.  00:C581                      ROUT_A0:	; --- FIXES BITS 6 AND 7 OF MIXER ---
     873.  00:C581  21 47 F1            		LD	HL,AYREGS+AR_Mixer
     874.  00:C584  CB FE               		set	7,[hl]
     875.  00:C586  CB B6               		res	6,[hl]
     876.  00:C588                      
     877.  00:C588  0E A0               		LD C,$A0
     878.  00:C58A  21 40 F1            		LD HL,AYREGS
     879.  00:C58D  ED 79               .LOUT:		OUT [C],A
     880.  00:C58F  0C                  		INC C
     881.  00:C590  ED A3               		OUTI 
     882.  00:C592  0D                  		DEC C
     883.  00:C593  3C                  		INC A
     884.  00:C594  FE 0D               		CP 13
     885.  00:C596  20 F5               		JR NZ,.LOUT
     886.  00:C598  ED 79               		OUT [C],A
     887.  00:C59A  7E                  		LD A,[HL]
     888.  00:C59B  A7                  		AND A
     889.  00:C59C  F8                  		RET M
     890.  00:C59D  0C                  		INC C
     891.  00:C59E  ED 79               		OUT [C],A
     892.  00:C5A0  C9                  		RET
     893.  00:C5A1                      
     894.  00:C5A1  64                  NT_DATA:	db (T_NEW_0-T1_)*2
     895.  00:C5A2  2A                  		db TCNEW_0-T_
     896.  00:C5A3  65                  		db (T_OLD_0-T1_)*2+1
     897.  00:C5A4  00                  		db TCOLD_0-T_
     898.  00:C5A5  01                  		db (T_NEW_1-T1_)*2+1
     899.  00:C5A6  0C                  		db TCNEW_1-T_
     900.  00:C5A7  01                  		db (T_OLD_1-T1_)*2+1
     901.  00:C5A8  0C                  		db TCOLD_1-T_
     902.  00:C5A9  94                  		db (T_NEW_2-T1_)*2
     903.  00:C5AA  35                  		db TCNEW_2-T_
     904.  00:C5AB  30                  		db (T_OLD_2-T1_)*2
     905.  00:C5AC  0E                  		db TCOLD_2-T_
     906.  00:C5AD  60                  		db (T_NEW_3-T1_)*2
     907.  00:C5AE  20                  		db TCNEW_3-T_
     908.  00:C5AF  60                  		db (T_OLD_3-T1_)*2
     909.  00:C5B0  21                  		db TCOLD_3-T_
     910.  00:C5B1                      
     911.  00:C5B1                      T_:
     912.  00:C5B1                      
     913.  00:C5B1                      TCOLD_0:	db $00+1,$04+1,$08+1,$0A+1,$0C+1,$0E+1,$12+1,$14+1
     913.  00:C5B1  01 05 09 0B 0D 0F 13 15 
     914.  00:C5B9  19 25 3D 00         		db $18+1,$24+1,$3C+1,0
     915.  00:C5BD                      TCNEW_1:	
     916.  00:C5BD  5D 00               TCOLD_1:	db $5C+1,0
     917.  00:C5BF                      TCOLD_2:	db $30+1,$36+1,$4C+1,$52+1,$5E+1,$70+1,$82,$8C,$9C
     917.  00:C5BF  31 37 4D 53 5F 71 82 8C 9C 
     918.  00:C5C8                      		db $9E,$A0,$A6,$A8,$AA,$AC,$AE,$AE,0
     918.  00:C5C8  9E A0 A6 A8 AA AC AE AE 00 
     919.  00:C5D1  57                  TCNEW_3:	db $56+1
     920.  00:C5D2                      TCOLD_3:	db $1E+1,$22+1,$24+1,$28+1,$2C+1,$2E+1,$32+1,$BE+1,0
     920.  00:C5D2  1F 23 25 29 2D 2F 33 BF 00 
     921.  00:C5DB                      TCNEW_0:	db $1C+1,$20+1,$22+1,$26+1,$2A+1,$2C+1,$30+1,$54+1
     921.  00:C5DB  1D 21 23 27 2B 2D 31 55 
     922.  00:C5E3  BD BF 00            		db $BC+1,$BE+1,0
     923.  00:C5E6                      TCNEW_2:	db $1A+1,$20+1,$24+1,$28+1,$2A+1,$3A+1,$4C+1,$5E+1
     923.  00:C5E6  1B 21 25 29 2B 3B 4D 5F 
     924.  00:C5EE  BB BD BF            		db $BA+1,$BC+1,$BE+1
     925.  00:C5F1                      
     926.  00:C5F1  00 01 00 90         EMPTYSAMORN: 	db 0,1,0,$90 ;delete $90 if you don't need default sample
     927.  00:C5F5                      
     928.  00:C5F5                      T_PACK:		; First 12 values of tone tables (packed)
     929.  00:C5F5  0D                  		db ($06EC*2)/256
     930.  00:C5F6  D8                  		db #d8
     931.  00:C5F7  69                  		db $0755-$06EC
     932.  00:C5F8  70                  		db $07C5-$0755
     933.  00:C5F9  76                  		db $083B-$07C5
     934.  00:C5FA  7D                  		db $08B8-$083B
     935.  00:C5FB  85                  		db $093D-$08B8
     936.  00:C5FC  8D                  		db $09CA-$093D
     937.  00:C5FD  95                  		db $0A5F-$09CA
     938.  00:C5FE  9D                  		db $0AFC-$0A5F
     939.  00:C5FF  A8                  		db $0BA4-$0AFC
     940.  00:C600  B1                  		db $0C55-$0BA4
     941.  00:C601  BB                  		db $0D10-$0C55
     942.  00:C602  0C                  		db ($066D*2)/256
     943.  00:C603  DA                  		db #da
     944.  00:C604  62                  		db $06CF-$066D
     945.  00:C605  68                  		db $0737-$06CF
     946.  00:C606  6D                  		db $07A4-$0737
     947.  00:C607  75                  		db $0819-$07A4
     948.  00:C608  7B                  		db $0894-$0819
     949.  00:C609  83                  		db $0917-$0894
     950.  00:C60A  8A                  		db $09A1-$0917
     951.  00:C60B  92                  		db $0A33-$09A1
     952.  00:C60C  9C                  		db $0ACF-$0A33
     953.  00:C60D  A4                  		db $0B73-$0ACF
     954.  00:C60E  AF                  		db $0C22-$0B73
     955.  00:C60F  B8                  		db $0CDA-$0C22
     956.  00:C610  0E                  		db ($0704*2)/256
     957.  00:C611  08                  		db #08
     958.  00:C612  6A                  		db $076E-$0704
     959.  00:C613  72                  		db $07E0-$076E
     960.  00:C614  78                  		db $0858-$07E0
     961.  00:C615  7E                  		db $08D6-$0858
     962.  00:C616  86                  		db $095C-$08D6
     963.  00:C617  90                  		db $09EC-$095C
     964.  00:C618  96                  		db $0A82-$09EC
     965.  00:C619  A0                  		db $0B22-$0A82
     966.  00:C61A  AA                  		db $0BCC-$0B22
     967.  00:C61B  B4                  		db $0C80-$0BCC
     968.  00:C61C  BE                  		db $0D3E-$0C80
     969.  00:C61D  0F                  		db ($07E0*2)/256
     970.  00:C61E  C0                  		db #c0
     971.  00:C61F  78                  		db $0858-$07E0
     972.  00:C620  88                  		db $08E0-$0858
     973.  00:C621  80                  		db $0960-$08E0
     974.  00:C622  90                  		db $09F0-$0960
     975.  00:C623  98                  		db $0A88-$09F0
     976.  00:C624  A0                  		db $0B28-$0A88
     977.  00:C625  B0                  		db $0BD8-$0B28
     978.  00:C626  A8                  		db $0C80-$0BD8
     979.  00:C627  E0                  		db $0D60-$0C80
     980.  00:C628  B0                  		db $0E10-$0D60
     981.  00:C629  E8                  		db $0EF8-$0E10
     982.  00:C62A                      
     983.  00:C62A                      
     984.  00:C62A                      
     985.  00:C62A                      
     986.  00:C62A                      
     987.  00:C62A                      
     988.  00:C62A                      
     989.  00:C62A                      
     990.  00:C62A                      
     991.  00:C62A                      
     992.  00:C62A                      
     993.  00:C62A                      
     994.  00:C62A                      
     995.  00:C62A                      	;Variables del replayer... las coloco desde aqui.
     996.  00:C62A                      	;mirar que hace la directiva MAP del SJASM
     997.  00:C62A  (F000)              	map		#f000
     998.  00:C62A                      
     999.  00:C62A                      ;;;;;;;;;;;;;;;;;;;;;;;;;;;;;;;;;;;;;;PT3 REPLAYER
    1000.  00:C62A  (00:F000)           PT3_SETUP:		#1	;set bit0 to 1, if you want to play without looping
    1001.  00:C62A                      					;bit7 is set each time, when loop point is passed
    1002.  00:C62A  (00:F001)           PT3_MODADDR:	#2
    1003.  00:C62A  (00:F003)           PT3_CrPsPtr:		#2
    1004.  00:C62A  (00:F005)           PT3_SAMPTRS:		#2
    1005.  00:C62A  (00:F007)           PT3_OrnPtrs:		#2
    1006.  00:C62A  (00:F009)           PT3_PDSP:		#2
    1007.  00:C62A  (00:F00B)           PT3_CSP:		#2 
    1008.  00:C62A  (00:F00D)           PT3_PSP:		#2
    1009.  00:C62A  (00:F00F)           PT3_PrNote:		#1
    1010.  00:C62A  (00:F010)           PT3_PrSlide:		#2
    1011.  00:C62A  (00:F012)           PT3_AdInPtA:		#2
    1012.  00:C62A  (00:F014)           PT3_AdInPtB:		#2
    1013.  00:C62A  (00:F016)           PT3_AdInPtC:		#2
    1014.  00:C62A  (00:F018)           PT3_LPosPtr:		#2
    1015.  00:C62A  (00:F01A)           PT3_PatsPtr:		#2
    1016.  00:C62A  (00:F01C)           PT3_Delay:		#1
    1017.  00:C62A  (00:F01D)           PT3_AddToEn:		#1
    1018.  00:C62A  (00:F01E)           PT3_Env_Del:		#1
    1019.  00:C62A  (00:F01F)           PT3_ESldAdd:		#2
    1020.  00:C62A  (00:F021)           PT3_NTL3:		#2	; AND A / NOP (note table creator)
    1021.  00:C62A                      
    1022.  00:C62A  (00:F023)           VARS:			#0
    1023.  00:C62A                      
    1024.  00:C62A  (00:F023)           ChanA:			#29			;CHNPRM_Size
    1025.  00:C62A  (00:F040)           ChanB:			#29			;CHNPRM_Size
    1026.  00:C62A  (00:F05D)           ChanC:			#29			;CHNPRM_Size
    1027.  00:C62A                      
    1028.  00:C62A                      ;GlobalVars
    1029.  00:C62A  (00:F07A)           DelyCnt:		#1
    1030.  00:C62A  (00:F07B)           CurESld:		#2
    1031.  00:C62A  (00:F07D)           CurEDel:		#1
    1032.  00:C62A  (00:F07E)           Ns_Base_AddToNs:	#0
    1033.  00:C62A  (00:F07E)           Ns_Base:		#1
    1034.  00:C62A  (00:F07F)           AddToNs:		#1
    1035.  00:C62A                      
    1036.  00:C62A  (00:F080)           NT_:			#192	; Puntero a/tabla de frecuencias
    1037.  00:C62A                      
    1038.  00:C62A  (00:F140)           AYREGS:			#0
    1039.  00:C62A  (00:F140)           VT_:			#14
    1040.  00:C62A  (00:F14E)           EnvBase:		#2
    1041.  00:C62A  (00:F150)           VAR0END:		#0
    1042.  00:C62A                      
    1043.  00:C62A  (00:F150)           T1_:			#0		
    1044.  00:C62A  (00:F150)           T_NEW_1:		#0
    1045.  00:C62A  (00:F150)           T_OLD_1:		#24
    1046.  00:C62A  (00:F168)           T_OLD_2:		#24
    1047.  00:C62A  (00:F180)           T_NEW_3:		#0
    1048.  00:C62A  (00:F180)           T_OLD_3:		#2
    1049.  00:C62A  (00:F182)           T_OLD_0:		#0
    1050.  00:C62A  (00:F182)           T_NEW_0:		#24
    1051.  00:C62A  (00:F19A)           T_NEW_2:		#166
    1052.  00:C62A                      ;;;;;;;;;;;;;;;;;;;;;;;;;;;;;;;;;;;;;;PT3 REPLAYER END
      40   00:C62A                      SONG:
      41   00:C62A  (00F9)              	incbin "music_start.pt3"			;musica de ejemplo
      42   00:C723                      
      43   00:C723  00                  contador: db 0
      44   00:C724                      
      45   00:C724                      FINAL:
      46   00:C724                      
      47   00:C724                      
      48   00:C724                      
      49   00:C724                      
      50   00:C724                      
      51   00:C724                      
      52   00:C724                      
      53   00:C724                      
      54   00:C724                      
      55   00:C724                      
      56   00:C724                      

    LABELS
-------------------------------------------------
00:0000C000   INICIO
00:0000C000 X inicilizar_tracker
00:0000C009 X reproducir_bloque_musica
00:0000C013 X para_cancion
00:0000C017 X evitar_repeticion_cancion
00:0000C01E X tracker
00:00000000   CHNPRM_PsInOr
00:00000001   CHNPRM_PsInSm
00:00000002   CHNPRM_CrAmSl
00:00000003   CHNPRM_CrNsSl
00:00000004   CHNPRM_CrEnSl
00:00000005   CHNPRM_TSlCnt
00:00000006   CHNPRM_CrTnSl
00:00000008   CHNPRM_TnAcc
00:0000000A   CHNPRM_COnOff
00:0000000B   CHNPRM_OnOffD
00:0000000C   CHNPRM_OffOnD
00:0000000D   CHNPRM_OrnPtr
00:0000000F   CHNPRM_SamPtr
00:00000011   CHNPRM_NNtSkp
00:00000012   CHNPRM_Note
00:00000013   CHNPRM_SlToNt
00:00000014   CHNPRM_Env_En
00:00000015   CHNPRM_Flags
00:00000016   CHNPRM_TnSlDl
00:00000017   CHNPRM_TSlStp
00:00000019   CHNPRM_TnDelt
00:0000001B   CHNPRM_NtSkCn
00:0000001C   CHNPRM_Volume
00:0000001D X CHNPRM_Size
00:00000000   AR_TonA
00:00000002   AR_TonB
00:00000004   AR_TonC
00:00000006   AR_Noise
00:00000007   AR_Mixer
00:00000008   AR_AmplA
00:00000009   AR_AmplB
00:0000000A   AR_AmplC
00:0000000B   AR_Env
00:0000000D   AR_EnvTp
00:0000C01E   CHECKLP
00:0000C02F   PT3_MUTE
00:0000C03B   PT3_INIT
00:0000C07A   PT3_INIT.TP_0
00:0000C086   PT3_INIT.TP_1
00:0000C08D   PT3_INIT.TP_2
00:0000C0FB   PT3_INIT.L1
00:0000C108   PT3_INIT.L2
00:0000C10C X PT3_INIT.L3
00:0000C133   PT3_INIT.CORR_1
00:0000C141   PT3_INIT.CORR_2
00:0000C148   PT3_INIT.TC_EXIT
00:0000C153   PT3_INIT.INITV1
00:0000C15B   PT3_INIT.INITV2
00:0000C16F   PT3_INIT.INITV3
00:0000C173   PD_OrSm
00:0000C17D   PD_SAM
00:0000C17E   PD_SAM_
00:0000C194   PD_VOL
00:0000C19D   PD_EOff
00:0000C1A5   PD_SorE
00:0000C1AF   PD_ENV
00:0000C1B4   PD_ORN
00:0000C1B9   PD_ESAM
00:0000C1C6   PTDECOD
00:0000C1D5   PD_LOOP
00:0000C1D8   PD_LP2
00:0000C205   PD_NOIS
00:0000C20A   PD_REL
00:0000C210   PD_NOTE
00:0000C218   PD_RES
00:0000C22A   PD_FIN
00:0000C231   C_PORTM
00:0000C27C   C_PORTM.NOSIG
00:0000C286   SET_STP
00:0000C292   C_GLISS
00:0000C2A5   C_SMPOS
00:0000C2AB   C_ORPOS
00:0000C2B1   C_VIBRT
00:0000C2C9   C_ENGLS
00:0000C2DB   C_DELAY
00:0000C2E1   SETENV
00:0000C2FC   C_NOP
00:0000C2FD   SETORN
00:0000C316   SPCCOMS
00:0000C336   CHREGS
00:0000C359   CHREGS.CH_ORPS
00:0000C364   CHREGS.CH_NTP
00:0000C36A   CHREGS.CH_NOK
00:0000C385   CHREGS.CH_SMPS
00:0000C39B   CHREGS.CH_NOAC
00:0000C3E2   CHREGS.CH_STPP
00:0000C3F7   CHREGS.CH_AMP
00:0000C409   CHREGS.CH_AMIN
00:0000C40E   CHREGS.CH_SVAM
00:0000C411   CHREGS.CH_NOAM
00:0000C41A   CHREGS.CH_APOS
00:0000C420   CHREGS.CH_VOL
00:0000C42B X CHREGS.CH_ENV
00:0000C432   CHREGS.CH_NOEN
00:0000C44C   CHREGS.NO_ENAC
00:0000C453   CHREGS.NO_ENSL
00:0000C461   CHREGS.CH_MIX
00:0000C465   CHREGS.CH_EXIT
00:0000C484   CHREGS.CH_ONDL
00:0000C488   PT3_PLAY
00:0000C4BC   PT3_PLAY.PLNLP
00:0000C4E3   PT3_PLAY.PL1A
00:0000C4EE   PT3_PLAY.PL1B
00:0000C503   PT3_PLAY.PL1C
00:0000C518   PT3_PLAY.PL1D
00:0000C51E   PT3_PLAY.PL2
00:0000C580   PT3_ROUT
00:0000C581   ROUT_A0
00:0000C58D   ROUT_A0.LOUT
00:0000C5A1   NT_DATA
00:0000C5B1   T_
00:0000C5B1   TCOLD_0
00:0000C5BD   TCNEW_1
00:0000C5BD   TCOLD_1
00:0000C5BF   TCOLD_2
00:0000C5D1   TCNEW_3
00:0000C5D2   TCOLD_3
00:0000C5DB   TCNEW_0
00:0000C5E6   TCNEW_2
00:0000C5F1   EMPTYSAMORN
00:0000C5F5   T_PACK
00:0000F000   PT3_SETUP
00:0000F001   PT3_MODADDR
00:0000F003   PT3_CrPsPtr
00:0000F005   PT3_SAMPTRS
00:0000F007   PT3_OrnPtrs
00:0000F009   PT3_PDSP
00:0000F00B   PT3_CSP
00:0000F00D   PT3_PSP
00:0000F00F   PT3_PrNote
00:0000F010   PT3_PrSlide
00:0000F012   PT3_AdInPtA
00:0000F014   PT3_AdInPtB
00:0000F016   PT3_AdInPtC
00:0000F018   PT3_LPosPtr
00:0000F01A   PT3_PatsPtr
00:0000F01C   PT3_Delay
00:0000F01D   PT3_AddToEn
00:0000F01E   PT3_Env_Del
00:0000F01F   PT3_ESldAdd
00:0000F021   PT3_NTL3
00:0000F023   VARS
00:0000F023   ChanA
00:0000F040   ChanB
00:0000F05D   ChanC
00:0000F07A   DelyCnt
00:0000F07B   CurESld
00:0000F07D   CurEDel
00:0000F07E   Ns_Base_AddToNs
00:0000F07E   Ns_Base
00:0000F07F   AddToNs
00:0000F080   NT_
00:0000F140   AYREGS
00:0000F140   VT_
00:0000F14E   EnvBase
00:0000F150   VAR0END
00:0000F150   T1_
00:0000F150   T_NEW_1
00:0000F150   T_OLD_1
00:0000F168   T_OLD_2
00:0000F180   T_NEW_3
00:0000F180   T_OLD_3
00:0000F182   T_OLD_0
00:0000F182   T_NEW_0
00:0000F19A   T_NEW_2
00:0000C62A   SONG
00:0000C723 X contador
00:0000C724   FINAL


 Output: asm\music.out
-------------------------------------------------

 Page: 00
  Org: 0000C000  Size: *  Used: 00000000

    No output

 Output: music.bin
-------------------------------------------------

 Page: 00
  Org: 0000C000  Size: *  Used: 0000072B

   Address   Length Align   Label
   0000C000    1835         INICIO
