Sjasm Z80 Assembler v0.42c - www.xl2s.tk             [2021.07.05 - 07:56:15]

asm\sprites.asm
Errors: 0

       1   00:0000                          output "sprites.bin"
       2   00:77FF                      
       3   00:77FF  FE                      db   #fe               ; ID archivo binario, siempre hay que poner el mismo 0FEh
       4   00:7800  FF 77                   dw   INICIO            ; direcci贸n de inicio
       5   00:7802  FF 7F                   dw   FINAL - 1         ; direcci贸n final
       6   00:7804  FF 77                   dw   INICIO             ; dircci贸n del programa de ejecuci贸n (para cuando pongas r en bload"nombre_programa", r)
       7   00:7806                      
       8   00:7806                          org #77FF ; Le quitamos 1 byte para que no cuente el ret
       9   00:77FF                      
      10   00:77FF                      INICIO:
      11   00:77FF  C9                      ret    
      12   00:7800                      
      13   00:7800                      SPRITE_DATA:
      14   00:7800                          ; 0-
      15   00:7800                          db 007h,00Fh,007h,007h,003h,001h,003h,00Fh
      15   00:7800  07 0F 07 07 03 01 03 0F 
      16   00:7808                          db 00Bh,00Bh,003h,003h,003h,003h,002h,003h
      16   00:7808  0B 0B 03 03 03 03 02 03 
      17   00:7810                          db 080h,0C0h,080h,0C0h,080h,080h,040h,040h
      17   00:7810  80 C0 80 C0 80 80 40 40 
      18   00:7818                          db 07Ch,070h,000h,0E0h,0C0h,0C0h,040h,060h
      18   00:7818  7C 70 00 E0 C0 C0 40 60 
      19   00:7820                          ; 1-
      20   00:7820                          db 007h,00Fh,007h,007h,003h,001h,003h,003h
      20   00:7820  07 0F 07 07 03 01 03 03 
      21   00:7828                          db 002h,002h,002h,003h,003h,001h,001h,001h
      21   00:7828  02 02 02 03 03 01 01 01 
      22   00:7830                          db 080h,0C0h,080h,0C0h,080h,080h,0C0h,0C0h
      22   00:7830  80 C0 80 C0 80 80 C0 C0 
      23   00:7838                          db 0FCh,0F0h,020h,0E0h,0D0h,070h,000h,080h
      23   00:7838  FC F0 20 E0 D0 70 00 80 
      24   00:7840                          ; 2-
      25   00:7840                          db 001h,003h,001h,003h,001h,001h,002h,002h
      25   00:7840  01 03 01 03 01 01 02 02 
      26   00:7848                          db 03Eh,00Eh,000h,007h,003h,003h,002h,006h
      26   00:7848  3E 0E 00 07 03 03 02 06 
      27   00:7850                          db 0E0h,0F0h,0E0h,0E0h,0C0h,080h,0C0h,0F0h
      27   00:7850  E0 F0 E0 E0 C0 80 C0 F0 
      28   00:7858                          db 0D0h,0D0h,0C0h,0C0h,0C0h,0C0h,040h,0C0h
      28   00:7858  D0 D0 C0 C0 C0 C0 40 C0 
      29   00:7860                          ; 3-
      30   00:7860                          db 001h,003h,001h,003h,001h,001h,003h,003h
      30   00:7860  01 03 01 03 01 01 03 03 
      31   00:7868                          db 03Fh,00Fh,004h,007h,00Bh,00Eh,000h,001h
      31   00:7868  3F 0F 04 07 0B 0E 00 01 
      32   00:7870                          db 0E0h,0F0h,0E0h,0E0h,0C0h,080h,0C0h,0C0h
      32   00:7870  E0 F0 E0 E0 C0 80 C0 C0 
      33   00:7878                          db 040h,040h,040h,0C0h,0C0h,080h,080h,080h
      33   00:7878  40 40 40 C0 C0 80 80 80 
      34   00:7880                          ; 4-
      35   00:7880                          db 000h,000h,000h,000h,003h,000h,000h,000h
      35   00:7880  00 00 00 00 03 00 00 00 
      36   00:7888                          db 003h,002h,002h,003h,000h,000h,000h,000h
      36   00:7888  03 02 02 03 00 00 00 00 
      37   00:7890                          db 000h,000h,000h,000h,0C0h,040h,040h,040h
      37   00:7890  00 00 00 00 C0 40 40 40 
      38   00:7898                          db 0C0h,000h,000h,0E0h,000h,000h,000h,000h
      38   00:7898  C0 00 00 E0 00 00 00 00 
      39   00:78A0                          ; 5-
      40   00:78A0                          db 000h,000h,000h,000h,007h,000h,000h,000h
      40   00:78A0  00 00 00 00 07 00 00 00 
      41   00:78A8                          db 000h,000h,000h,007h,000h,000h,000h,000h
      41   00:78A8  00 00 00 07 00 00 00 00 
      42   00:78B0                          db 000h,000h,000h,000h,0E0h,020h,020h,020h
      42   00:78B0  00 00 00 00 E0 20 20 20 
      43   00:78B8                          db 0E0h,020h,020h,0E0h,000h,000h,000h,000h
      43   00:78B8  E0 20 20 E0 00 00 00 00 
      44   00:78C0                          ; 6-
      45   00:78C0                          db 003h,007h,003h,003h,001h,001h,003h,003h
      45   00:78C0  03 07 03 03 01 01 03 03 
      46   00:78C8                          db 007h,00Bh,003h,003h,003h,001h,001h,001h
      46   00:78C8  07 0B 03 03 03 01 01 01 
      47   00:78D0                          db 0C0h,0E0h,0C0h,0C0h,080h,080h,0C0h,0D0h
      47   00:78D0  C0 E0 C0 C0 80 80 C0 D0 
      48   00:78D8                          db 0E0h,0C0h,0C0h,0C0h,0C0h,080h,080h,040h
      48   00:78D8  E0 C0 C0 C0 C0 80 80 40 
      49   00:78E0                          ; 7-
      50   00:78E0                          db 003h,007h,003h,003h,001h,001h,003h,00Bh
      50   00:78E0  03 07 03 03 01 01 03 0B 
      51   00:78E8                          db 007h,003h,003h,003h,003h,001h,001h,002h
      51   00:78E8  07 03 03 03 03 01 01 02 
      52   00:78F0                          db 0C0h,0E0h,0C0h,0C0h,080h,080h,0C0h,0C0h
      52   00:78F0  C0 E0 C0 C0 80 80 C0 C0 
      53   00:78F8                          db 0E0h,0D0h,0C0h,0C0h,0C0h,080h,080h,080h
      53   00:78F8  E0 D0 C0 C0 C0 80 80 80 
      54   00:7900                          ; 8-
      55   00:7900                          db 000h,000h,000h,000h,003h,002h,002h,003h
      55   00:7900  00 00 00 00 03 02 02 03 
      56   00:7908                          db 000h,000h,000h,003h,000h,000h,000h,000h
      56   00:7908  00 00 00 03 00 00 00 00 
      57   00:7910                          db 000h,000h,000h,000h,0E0h,000h,000h,0E0h
      57   00:7910  00 00 00 00 E0 00 00 E0 
      58   00:7918                          db 020h,020h,020h,0E0h,000h,000h,000h,000h
      58   00:7918  20 20 20 E0 00 00 00 00 
      59   00:7920                          ; 9-
      60   00:7920                          db 000h,000h,000h,000h,003h,002h,002h,003h
      60   00:7920  00 00 00 00 03 02 02 03 
      61   00:7928                          db 002h,002h,002h,003h,000h,000h,000h,000h
      61   00:7928  02 02 02 03 00 00 00 00 
      62   00:7930                          db 000h,000h,000h,000h,0E0h,000h,000h,0E0h
      62   00:7930  00 00 00 00 E0 00 00 E0 
      63   00:7938                          db 020h,020h,020h,0E0h,000h,000h,000h,000h
      63   00:7938  20 20 20 E0 00 00 00 00 
      64   00:7940                          ; 10-
      65   00:7940                          db 000h,000h,000h,000h,003h,002h,000h,000h
      65   00:7940  00 00 00 00 03 02 00 00 
      66   00:7948                          db 000h,000h,000h,000h,000h,000h,000h,000h
      66   00:7948  00 00 00 00 00 00 00 00 
      67   00:7950                          db 000h,000h,000h,000h,0E0h,020h,020h,020h
      67   00:7950  00 00 00 00 E0 20 20 20 
      68   00:7958                          db 040h,080h,080h,080h,000h,000h,000h,000h
      68   00:7958  40 80 80 80 00 00 00 00 
      69   00:7960                          ; 11-
      70   00:7960                          db 000h,000h,000h,000h,003h,002h,002h,003h
      70   00:7960  00 00 00 00 03 02 02 03 
      71   00:7968                          db 002h,002h,002h,003h,000h,000h,000h,000h
      71   00:7968  02 02 02 03 00 00 00 00 
      72   00:7970                          db 000h,000h,000h,000h,0E0h,020h,020h,0E0h
      72   00:7970  00 00 00 00 E0 20 20 E0 
      73   00:7978                          db 020h,020h,020h,0E0h,000h,000h,000h,000h
      73   00:7978  20 20 20 E0 00 00 00 00 
      74   00:7980                          ; 12-
      75   00:7980                          db 000h,000h,000h,000h,000h,000h,000h,0FFh
      75   00:7980  00 00 00 00 00 00 00 FF 
      76   00:7988                          db 0FFh,000h,000h,000h,000h,000h,000h,000h
      76   00:7988  FF 00 00 00 00 00 00 00 
      77   00:7990                          db 000h,000h,000h,000h,000h,000h,000h,0FFh
      77   00:7990  00 00 00 00 00 00 00 FF 
      78   00:7998                          db 0FFh,000h,000h,000h,000h,000h,000h,000h
      78   00:7998  FF 00 00 00 00 00 00 00 
      79   00:79A0                          ; 13-
      80   00:79A0                          db 000h,000h,000h,000h,000h,030h,030h,030h
      80   00:79A0  00 00 00 00 00 30 30 30 
      81   00:79A8                          db 030h,008h,007h,003h,003h,002h,002h,003h
      81   00:79A8  30 08 07 03 03 02 02 03 
      82   00:79B0                          db 000h,000h,000h,000h,020h,038h,03Eh,03Eh
      82   00:79B0  00 00 00 00 20 38 3E 3E 
      83   00:79B8                          db 00Ch,00Ch,0FCh,0FCh,012h,091h,0D8h,000h
      83   00:79B8  0C 0C FC FC 12 91 D8 00 
      84   00:79C0                          ; 14-
      85   00:79C0                          db 000h,000h,000h,000h,000h,000h,000h,0F0h
      85   00:79C0  00 00 00 00 00 00 00 F0 
      86   00:79C8                          db 030h,008h,007h,003h,003h,00Eh,004h,000h
      86   00:79C8  30 08 07 03 03 0E 04 00 
      87   00:79D0                          db 000h,000h,000h,000h,060h,038h,03Eh,03Eh
      87   00:79D0  00 00 00 00 60 38 3E 3E 
      88   00:79D8                          db 00Ch,00Ch,0FCh,0FCh,01Ch,014h,028h,000h
      88   00:79D8  0C 0C FC FC 1C 14 28 00 
      89   00:79E0                          ; 15-
      90   00:79E0                          db 000h,000h,000h,000h,004h,01Ch,07Ch,07Ch
      90   00:79E0  00 00 00 00 04 1C 7C 7C 
      91   00:79E8                          db 030h,030h,03Fh,03Fh,048h,089h,01Bh,000h
      91   00:79E8  30 30 3F 3F 48 89 1B 00 
      92   00:79F0                          db 000h,000h,000h,000h,000h,00Ch,00Ch,00Ch
      92   00:79F0  00 00 00 00 00 0C 0C 0C 
      93   00:79F8                          db 00Ch,010h,0E0h,0C0h,0C0h,040h,040h,0C0h
      93   00:79F8  0C 10 E0 C0 C0 40 40 C0 
      94   00:7A00                          ; 16-
      95   00:7A00                          db 000h,000h,000h,000h,006h,01Ch,07Ch,07Ch
      95   00:7A00  00 00 00 00 06 1C 7C 7C 
      96   00:7A08                          db 030h,030h,03Fh,03Fh,038h,028h,014h,000h
      96   00:7A08  30 30 3F 3F 38 28 14 00 
      97   00:7A10                          db 000h,000h,000h,000h,000h,000h,000h,00Fh
      97   00:7A10  00 00 00 00 00 00 00 0F 
      98   00:7A18                          db 00Ch,010h,0E0h,0C0h,0C0h,070h,020h,000h
      98   00:7A18  0C 10 E0 C0 C0 70 20 00 
      99   00:7A20                          ; 17-
     100   00:7A20                          db 000h,000h,001h,001h,000h,000h,000h,01Fh
     100   00:7A20  00 00 01 01 00 00 00 1F 
     101   00:7A28                          db 03Fh,03Dh,0FDh,03Dh,01Ch,00Ch,00Eh,000h
     101   00:7A28  3F 3D FD 3D 1C 0C 0E 00 
     102   00:7A30                          db 000h,000h,040h,0E0h,0E0h,0F8h,02Ch,03Ch
     102   00:7A30  00 00 40 E0 E0 F8 2C 3C 
     103   00:7A38                          db 0F8h,0E0h,0C0h,0C0h,080h,080h,0E0h,000h
     103   00:7A38  F8 E0 C0 C0 80 80 E0 00 
     104   00:7A40                          ; 18-
     105   00:7A40                          db 003h,002h,000h,000h,01Fh,03Fh,03Dh,07Dh
     105   00:7A40  03 02 00 00 1F 3F 3D 7D 
     106   00:7A48                          db 0BDh,01Ch,01Ch,021h,040h,000h,000h,000h
     106   00:7A48  BD 1C 1C 21 40 00 00 00 
     107   00:7A50                          db 0E0h,0E0h,0F8h,02Ch,03Ch,0F8h,0E0h,0C0h
     107   00:7A50  E0 E0 F8 2C 3C F8 E0 C0 
     108   00:7A58                          db 0C0h,0C0h,080h,000h,000h,000h,000h,000h
     108   00:7A58  C0 C0 80 00 00 00 00 00 
     109   00:7A60                          ; 19-
     110   00:7A60                          db 000h,000h,002h,007h,007h,01Fh,034h,03Ch
     110   00:7A60  00 00 02 07 07 1F 34 3C 
     111   00:7A68                          db 01Fh,007h,003h,003h,001h,001h,007h,000h
     111   00:7A68  1F 07 03 03 01 01 07 00 
     112   00:7A70                          db 000h,000h,080h,080h,000h,000h,000h,0F8h
     112   00:7A70  00 00 80 80 00 00 00 F8 
     113   00:7A78                          db 0FCh,0BCh,0BFh,0BCh,038h,030h,070h,000h
     113   00:7A78  FC BC BF BC 38 30 70 00 
     114   00:7A80                          ; 20-
     115   00:7A80                          db 007h,007h,01Fh,034h,03Ch,01Fh,007h,003h
     115   00:7A80  07 07 1F 34 3C 1F 07 03 
     116   00:7A88                          db 003h,003h,001h,000h,000h,000h,000h,000h
     116   00:7A88  03 03 01 00 00 00 00 00 
     117   00:7A90                          db 0C0h,040h,000h,000h,0F8h,0FCh,0BCh,0BEh
     117   00:7A90  C0 40 00 00 F8 FC BC BE 
     118   00:7A98                          db 0BDh,038h,038h,084h,002h,000h,000h,000h
     118   00:7A98  BD 38 38 84 02 00 00 00 
     119   00:7AA0                          ; 21-
     120   00:7AA0                          db 000h,000h,000h,000h,000h,000h,00Fh,01Fh
     120   00:7AA0  00 00 00 00 00 00 0F 1F 
     121   00:7AA8                          db 03Fh,07Fh,0DFh,06Ch,033h,034h,024h,05Ah
     121   00:7AA8  3F 7F DF 6C 33 34 24 5A 
     122   00:7AB0                          db 000h,000h,000h,000h,00Ch,01Eh,01Bh,09Fh
     122   00:7AB0  00 00 00 00 0C 1E 1B 9F 
     123   00:7AB8                          db 0CCh,0ACh,07Ch,0F8h,0E0h,0A0h,0A0h,0D0h
     123   00:7AB8  CC AC 7C F8 E0 A0 A0 D0 
     124   00:7AC0                          ; 22-
     125   00:7AC0                          db 000h,000h,000h,000h,000h,000h,01Eh,03Fh
     125   00:7AC0  00 00 00 00 00 00 1E 3F 
     126   00:7AC8                          db 07Fh,0FFh,0BEh,0D9h,067h,068h,050h,080h
     126   00:7AC8  7F FF BE D9 67 68 50 80 
     127   00:7AD0                          db 000h,000h,000h,000h,018h,03Ch,036h,03Eh
     127   00:7AD0  00 00 00 00 18 3C 36 3E 
     128   00:7AD8                          db 098h,058h,0F8h,0F0h,0C0h,040h,040h,080h
     128   00:7AD8  98 58 F8 F0 C0 40 40 80 
     129   00:7AE0                          ; 23-
     130   00:7AE0                          db 000h,000h,000h,000h,030h,078h,0D8h,0F9h
     130   00:7AE0  00 00 00 00 30 78 D8 F9 
     131   00:7AE8                          db 033h,035h,03Eh,01Fh,007h,005h,005h,00Bh
     131   00:7AE8  33 35 3E 1F 07 05 05 0B 
     132   00:7AF0                          db 000h,000h,000h,000h,000h,000h,0F0h,0F8h
     132   00:7AF0  00 00 00 00 00 00 F0 F8 
     133   00:7AF8                          db 0FCh,0FEh,0FBh,036h,0CCh,02Ch,024h,05Ah
     133   00:7AF8  FC FE FB 36 CC 2C 24 5A 
     134   00:7B00                          ; 24-
     135   00:7B00                          db 000h,000h,000h,000h,018h,03Ch,06Ch,07Ch
     135   00:7B00  00 00 00 00 18 3C 6C 7C 
     136   00:7B08                          db 019h,01Ah,01Fh,00Fh,003h,002h,002h,001h
     136   00:7B08  19 1A 1F 0F 03 02 02 01 
     137   00:7B10                          db 000h,000h,000h,000h,000h,000h,078h,0FCh
     137   00:7B10  00 00 00 00 00 00 78 FC 
     138   00:7B18                          db 0FEh,0FFh,07Dh,09Bh,0E6h,016h,00Ah,001h
     138   00:7B18  FE FF 7D 9B E6 16 0A 01 
     139   00:7B20                          ; 25-
     140   00:7B20                          db 060h,060h,0C0h,0C0h,0C0h,0C0h,0C0h,0DCh
     140   00:7B20  60 60 C0 C0 C0 C0 C0 DC 
     141   00:7B28                          db 0FAh,0FDh,01Fh,01Fh,014h,034h,028h,036h
     141   00:7B28  FA FD 1F 1F 14 34 28 36 
     142   00:7B30                          db 000h,081h,042h,03Ch,05Ah,0FFh,0E7h,03Ch
     142   00:7B30  00 81 42 3C 5A FF E7 3C 
     143   00:7B38                          db 018h,0D8h,0F0h,0F0h,008h,038h,070h,058h
     143   00:7B38  18 D8 F0 F0 08 38 70 58 
     144   00:7B40                          ; 26-
     145   00:7B40                          db 000h,038h,038h,0F0h,0C0h,0C0h,0C0h,0DCh
     145   00:7B40  00 38 38 F0 C0 C0 C0 DC 
     146   00:7B48                          db 0FAh,0FDh,01Fh,01Fh,014h,014h,00Ah,001h
     146   00:7B48  FA FD 1F 1F 14 14 0A 01 
     147   00:7B50                          db 000h,000h,0C3h,03Ch,05Ah,0FFh,0E7h,03Ch
     147   00:7B50  00 00 C3 3C 5A FF E7 3C 
     148   00:7B58                          db 018h,0D8h,0F0h,0F0h,018h,018h,014h,00Ah
     148   00:7B58  18 D8 F0 F0 18 18 14 0A 
     149   00:7B60                          ; 27-
     150   00:7B60                          db 000h,081h,042h,03Ch,05Ah,0FFh,0E7h,03Ch
     150   00:7B60  00 81 42 3C 5A FF E7 3C 
     151   00:7B68                          db 018h,01Bh,00Fh,00Fh,010h,01Ch,00Eh,01Ah
     151   00:7B68  18 1B 0F 0F 10 1C 0E 1A 
     152   00:7B70                          db 006h,006h,003h,003h,003h,003h,003h,03Bh
     152   00:7B70  06 06 03 03 03 03 03 3B 
     153   00:7B78                          db 05Fh,0BFh,0F8h,0F8h,028h,02Ch,014h,06Ch
     153   00:7B78  5F BF F8 F8 28 2C 14 6C 
     154   00:7B80                          ; 28-
     155   00:7B80                          db 000h,000h,0C3h,03Ch,05Ah,0FFh,0E7h,03Ch
     155   00:7B80  00 00 C3 3C 5A FF E7 3C 
     156   00:7B88                          db 018h,01Bh,00Fh,00Fh,018h,018h,028h,050h
     156   00:7B88  18 1B 0F 0F 18 18 28 50 
     157   00:7B90                          db 000h,01Ch,01Ch,00Fh,003h,003h,003h,03Bh
     157   00:7B90  00 1C 1C 0F 03 03 03 3B 
     158   00:7B98                          db 05Fh,0BFh,0F8h,0F8h,028h,028h,050h,080h
     158   00:7B98  5F BF F8 F8 28 28 50 80 
     159   00:7BA0                          ; 29-
     160   00:7BA0                          db 000h,000h,000h,000h,000h,000h,01Fh,03Fh
     160   00:7BA0  00 00 00 00 00 00 1F 3F 
     161   00:7BA8                          db 03Fh,0E1h,0F1h,079h,01Dh,017h,010h,018h
     161   00:7BA8  3F E1 F1 79 1D 17 10 18 
     162   00:7BB0                          db 030h,068h,07Ch,030h,030h,018h,018h,084h
     162   00:7BB0  30 68 7C 30 30 18 18 84 
     163   00:7BB8                          db 0DCh,0FCh,0F8h,0F0h,0E0h,040h,040h,060h
     163   00:7BB8  DC FC F8 F0 E0 40 40 60 
     164   00:7BC0                          ; 30-
     165   00:7BC0                          db 000h,001h,001h,000h,000h,000h,01Fh,03Fh
     165   00:7BC0  00 01 01 00 00 00 1F 3F 
     166   00:7BC8                          db 03Fh,0E1h,0F1h,079h,01Dh,017h,00Ch,006h
     166   00:7BC8  3F E1 F1 79 1D 17 0C 06 
     167   00:7BD0                          db 0E0h,0A0h,0F0h,0C0h,0C0h,030h,018h,084h
     167   00:7BD0  E0 A0 F0 C0 C0 30 18 84 
     168   00:7BD8                          db 0DCh,0FCh,0F8h,0F0h,0E0h,040h,020h,010h
     168   00:7BD8  DC FC F8 F0 E0 40 20 10 
     169   00:7BE0                          ; 31-
     170   00:7BE0                          db 003h,007h,009h,019h,03Fh,02Ch,04Fh,057h
     170   00:7BE0  03 07 09 19 3F 2C 4F 57 
     171   00:7BE8                          db 010h,01Eh,00Fh,007h,003h,006h,018h,000h
     171   00:7BE8  10 1E 0F 07 03 06 18 00 
     172   00:7BF0                          db 0C0h,0E0h,090h,098h,0FCh,034h,0ECh,0C8h
     172   00:7BF0  C0 E0 90 98 FC 34 EC C8 
     173   00:7BF8                          db 038h,078h,0F0h,0E0h,0C0h,040h,080h,000h
     173   00:7BF8  38 78 F0 E0 C0 40 80 00 
     174   00:7C00                          ; 32-
     175   00:7C00                          db 003h,007h,009h,019h,01Fh,034h,037h,037h
     175   00:7C00  03 07 09 19 1F 34 37 37 
     176   00:7C08                          db 010h,01Eh,00Fh,007h,003h,002h,002h,003h
     176   00:7C08  10 1E 0F 07 03 02 02 03 
     177   00:7C10                          db 0C0h,0E0h,090h,098h,0F8h,02Ch,0ECh,0ECh
     177   00:7C10  C0 E0 90 98 F8 2C EC EC 
     178   00:7C18                          db 008h,078h,0F0h,0E0h,0C0h,040h,040h,060h
     178   00:7C18  08 78 F0 E0 C0 40 40 60 
     179   00:7C20                          ; 33-
     180   00:7C20                          db 003h,007h,009h,019h,03Fh,02Ch,037h,013h
     180   00:7C20  03 07 09 19 3F 2C 37 13 
     181   00:7C28                          db 01Ch,01Eh,00Fh,007h,003h,002h,001h,000h
     181   00:7C28  1C 1E 0F 07 03 02 01 00 
     182   00:7C30                          db 0C0h,0E0h,090h,098h,0FCh,034h,0F2h,0EAh
     182   00:7C30  C0 E0 90 98 FC 34 F2 EA 
     183   00:7C38                          db 008h,078h,0F0h,0E0h,0C0h,060h,018h,000h
     183   00:7C38  08 78 F0 E0 C0 60 18 00 
     184   00:7C40                          ; 34-
     185   00:7C40                          db 003h,007h,009h,019h,01Fh,034h,037h,037h
     185   00:7C40  03 07 09 19 1F 34 37 37 
     186   00:7C48                          db 010h,01Eh,00Fh,007h,003h,002h,002h,006h
     186   00:7C48  10 1E 0F 07 03 02 02 06 
     187   00:7C50                          db 0C0h,0E0h,090h,098h,0F8h,02Ch,0ECh,0ECh
     187   00:7C50  C0 E0 90 98 F8 2C EC EC 
     188   00:7C58                          db 008h,078h,0F0h,0E0h,0C0h,040h,040h,0C0h
     188   00:7C58  08 78 F0 E0 C0 40 40 C0 
     189   00:7C60                          ; 35-
     190   00:7C60                          db 003h,00Fh,01Ch,03Bh,077h,06Fh,0EFh,0EFh
     190   00:7C60  03 0F 1C 3B 77 6F EF EF 
     191   00:7C68                          db 0FFh,0FFh,0FFh,07Fh,03Fh,01Fh,00Fh,003h
     191   00:7C68  FF FF FF 7F 3F 1F 0F 03 
     192   00:7C70                          db 0C0h,0F0h,0F8h,0FCh,0FEh,0FEh,0FFh,0FFh
     192   00:7C70  C0 F0 F8 FC FE FE FF FF 
     193   00:7C78                          db 0FFh,0FFh,0FFh,0FEh,0FCh,0F8h,0F0h,0C0h
     193   00:7C78  FF FF FF FE FC F8 F0 C0 
     194   00:7C80                          ; 36-
     195   00:7C80                          db 003h,00Fh,01Fh,03Fh,07Fh,0FFh,0FFh,0FFh
     195   00:7C80  03 0F 1F 3F 7F FF FF FF 
     196   00:7C88                          db 0FFh,0FFh,07Fh,07Fh,03Fh,01Fh,00Fh,003h
     196   00:7C88  FF FF 7F 7F 3F 1F 0F 03 
     197   00:7C90                          db 0C0h,0F0h,0F8h,0FCh,0FEh,0FFh,0FFh,0FFh
     197   00:7C90  C0 F0 F8 FC FE FF FF FF 
     198   00:7C98                          db 0F7h,0F7h,0F6h,0EEh,0DCh,038h,0F0h,0C0h
     198   00:7C98  F7 F7 F6 EE DC 38 F0 C0 
     199   00:7CA0                          ; 37-
     200   00:7CA0                          db 001h,003h,00Dh,00Bh,00Ah,00Fh,001h,00Fh
     200   00:7CA0  01 03 0D 0B 0A 0F 01 0F 
     201   00:7CA8                          db 011h,0A7h,086h,046h,026h,01Eh,007h,001h
     201   00:7CA8  11 A7 86 46 26 1E 07 01 
     202   00:7CB0                          db 080h,0C0h,0B0h,0D0h,050h,0F0h,080h,0F0h
     202   00:7CB0  80 C0 B0 D0 50 F0 80 F0 
     203   00:7CB8                          db 088h,0E4h,060h,060h,060h,060h,0E0h,040h
     203   00:7CB8  88 E4 60 60 60 60 E0 40 
     204   00:7CC0                          ; 38-
     205   00:7CC0                          db 003h,00Dh,00Bh,00Ah,00Fh,001h,003h,003h
     205   00:7CC0  03 0D 0B 0A 0F 01 03 03 
     206   00:7CC8                          db 087h,086h,046h,026h,01Eh,007h,002h,000h
     206   00:7CC8  87 86 46 26 1E 07 02 00 
     207   00:7CD0                          db 0C0h,0B0h,0D0h,050h,0F0h,080h,0C0h,0C0h
     207   00:7CD0  C0 B0 D0 50 F0 80 C0 C0 
     208   00:7CD8                          db 0E0h,060h,060h,060h,060h,0E0h,080h,000h
     208   00:7CD8  E0 60 60 60 60 E0 80 00 
     209   00:7CE0                          ; 39-
     210   00:7CE0                          db 003h,00Dh,00Bh,00Ah,00Fh,001h,003h,003h
     210   00:7CE0  03 0D 0B 0A 0F 01 03 03 
     211   00:7CE8                          db 087h,086h,046h,026h,01Eh,007h,002h,000h
     211   00:7CE8  87 86 46 26 1E 07 02 00 
     212   00:7CF0                          db 0C0h,0B0h,0D0h,050h,0F0h,080h,0C0h,0C0h
     212   00:7CF0  C0 B0 D0 50 F0 80 C0 C0 
     213   00:7CF8                          db 0E0h,060h,060h,060h,060h,0E0h,080h,000h
     213   00:7CF8  E0 60 60 60 60 E0 80 00 
     214   00:7D00                          ; 40-
     215   00:7D00                          db 003h,00Dh,00Bh,00Ah,00Fh,001h,003h,003h
     215   00:7D00  03 0D 0B 0A 0F 01 03 03 
     216   00:7D08                          db 087h,086h,046h,026h,01Eh,007h,002h,000h
     216   00:7D08  87 86 46 26 1E 07 02 00 
     217   00:7D10                          db 0C0h,0B0h,0D0h,050h,0F0h,080h,0C0h,0C0h
     217   00:7D10  C0 B0 D0 50 F0 80 C0 C0 
     218   00:7D18                          db 0E0h,060h,060h,060h,060h,0E0h,080h,000h
     218   00:7D18  E0 60 60 60 60 E0 80 00 
     219   00:7D20                          ; 41-
     220   00:7D20                          db 030h,030h,030h,070h,070h,0E0h,0E0h,0F0h
     220   00:7D20  30 30 30 70 70 E0 E0 F0 
     221   00:7D28                          db 0F0h,030h,01Dh,007h,001h,001h,007h,007h
     221   00:7D28  F0 30 1D 07 01 01 07 07 
     222   00:7D30                          db 00Ch,00Ch,00Ch,00Eh,00Eh,007h,007h,00Fh
     222   00:7D30  0C 0C 0C 0E 0E 07 07 0F 
     223   00:7D38                          db 00Fh,00Fh,0B8h,0F0h,080h,080h,0E0h,0E0h
     223   00:7D38  0F 0F B8 F0 80 80 E0 E0 
     224   00:7D40                          ; 42-
     225   00:7D40                          db 000h,000h,000h,000h,000h,00Dh,03Dh,03Fh
     225   00:7D40  00 00 00 00 00 0D 3D 3F 
     226   00:7D48                          db 071h,071h,063h,043h,002h,000h,000h,000h
     226   00:7D48  71 71 63 43 02 00 00 00 
     227   00:7D50                          db 000h,000h,000h,000h,000h,0B0h,0B8h,0FCh
     227   00:7D50  00 00 00 00 00 B0 B8 FC 
     228   00:7D58                          db 08Eh,08Eh,0CEh,0C6h,040h,000h,000h,000h
     228   00:7D58  8E 8E CE C6 40 00 00 00 
     229   00:7D60                          ; 43-
     230   00:7D60                          db 080h,0C1h,0C3h,0E7h,0EFh,079h,019h,01Fh
     230   00:7D60  80 C1 C3 E7 EF 79 19 1F 
     231   00:7D68                          db 00Fh,00Ch,00Eh,00Fh,003h,002h,002h,002h
     231   00:7D68  0F 0C 0E 0F 03 02 02 02 
     232   00:7D70                          db 001h,083h,0C3h,0E3h,0F7h,096h,098h,0F0h
     232   00:7D70  01 83 C3 E3 F7 96 98 F0 
     233   00:7D78                          db 0F0h,030h,070h,0F0h,0C0h,040h,040h,040h
     233   00:7D78  F0 30 70 F0 C0 40 40 40 
     234   00:7D80                          ; 44-
     235   00:7D80                          db 000h,001h,003h,007h,00Fh,009h,039h,06Fh
     235   00:7D80  00 01 03 07 0F 09 39 6F 
     236   00:7D88                          db 06Fh,0ECh,0CEh,0CFh,0C3h,002h,006h,000h
     236   00:7D88  6F EC CE CF C3 02 06 00 
     237   00:7D90                          db 000h,080h,0C0h,0E0h,0F0h,090h,09Ch,0F6h
     237   00:7D90  00 80 C0 E0 F0 90 9C F6 
     238   00:7D98                          db 0F6h,037h,073h,0F3h,0C3h,040h,0C0h,000h
     238   00:7D98  F6 37 73 F3 C3 40 C0 00 
     239   00:7DA0                          ; 45-
     240   00:7DA0                          db 000h,000h,000h,000h,000h,0FFh,08Fh,08Fh
     240   00:7DA0  00 00 00 00 00 FF 8F 8F 
     241   00:7DA8                          db 0F8h,0F8h,0D8h,0D8h,0D8h,0D8h,0D8h,0D8h
     241   00:7DA8  F8 F8 D8 D8 D8 D8 D8 D8 
     242   00:7DB0                          db 000h,0C0h,0F0h,0F0h,0D9h,0DAh,0DCh,0D8h
     242   00:7DB0  00 C0 F0 F0 D9 DA DC D8 
     243   00:7DB8                          db 0D8h,0D8h,0F0h,0F0h,0C0h,000h,000h,000h
     243   00:7DB8  D8 D8 F0 F0 C0 00 00 00 
     244   00:7DC0                          ; 46-
     245   00:7DC0                          db 000h,000h,000h,000h,000h,0FFh,08Fh,08Fh
     245   00:7DC0  00 00 00 00 00 FF 8F 8F 
     246   00:7DC8                          db 0F8h,0F8h,0D8h,0D8h,0D8h,0D8h,0D8h,0D8h
     246   00:7DC8  F8 F8 D8 D8 D8 D8 D8 D8 
     247   00:7DD0                          db 000h,0C0h,0F0h,0F0h,0D8h,0D8h,0DCh,0DAh
     247   00:7DD0  00 C0 F0 F0 D8 D8 DC DA 
     248   00:7DD8                          db 0D9h,0D8h,0F0h,0F0h,0C0h,000h,000h,000h
     248   00:7DD8  D9 D8 F0 F0 C0 00 00 00 
     249   00:7DE0                          ; 47-
     250   00:7DE0                          db 000h,003h,00Fh,00Fh,09Bh,05Bh,03Bh,01Bh
     250   00:7DE0  00 03 0F 0F 9B 5B 3B 1B 
     251   00:7DE8                          db 01Bh,01Bh,00Fh,00Fh,003h,000h,000h,000h
     251   00:7DE8  1B 1B 0F 0F 03 00 00 00 
     252   00:7DF0                          db 000h,000h,000h,000h,000h,0FFh,0F1h,0F1h
     252   00:7DF0  00 00 00 00 00 FF F1 F1 
     253   00:7DF8                          db 01Fh,01Fh,01Bh,01Bh,01Bh,01Bh,01Bh,01Bh
     253   00:7DF8  1F 1F 1B 1B 1B 1B 1B 1B 
     254   00:7E00                          ; 48-
     255   00:7E00                          db 000h,003h,00Fh,00Fh,01Bh,01Bh,03Bh,05Bh
     255   00:7E00  00 03 0F 0F 1B 1B 3B 5B 
     256   00:7E08                          db 09Bh,01Bh,00Fh,00Fh,003h,000h,000h,000h
     256   00:7E08  9B 1B 0F 0F 03 00 00 00 
     257   00:7E10                          db 000h,000h,000h,000h,000h,0FFh,0F1h,0F1h
     257   00:7E10  00 00 00 00 00 FF F1 F1 
     258   00:7E18                          db 01Fh,01Fh,01Bh,01Bh,01Bh,01Bh,01Bh,01Bh
     258   00:7E18  1F 1F 1B 1B 1B 1B 1B 1B 
     259   00:7E20                          ; 49-
     260   00:7E20                          db 000h,000h,000h,000h,01Fh,020h,05Fh,060h
     260   00:7E20  00 00 00 00 1F 20 5F 60 
     261   00:7E28                          db 07Fh,0C0h,0BDh,0BDh,0BDh,0BDh,080h,0FFh
     261   00:7E28  7F C0 BD BD BD BD 80 FF 
     262   00:7E30                          db 000h,000h,000h,000h,0F8h,004h,0FAh,006h
     262   00:7E30  00 00 00 00 F8 04 FA 06 
     263   00:7E38                          db 0FEh,003h,0BDh,0BDh,0BDh,0BDh,001h,0FFh
     263   00:7E38  FE 03 BD BD BD BD 01 FF 
     264   00:7E40                          ; 50-
     265   00:7E40                          db 01Fh,020h,04Ah,095h,0AAh,0D5h,0AAh,0B5h
     265   00:7E40  1F 20 4A 95 AA D5 AA B5 
     266   00:7E48                          db 0BAh,0BCh,0BEh,0BEh,0BEh,05Eh,02Eh,010h
     266   00:7E48  BA BC BE BE BE 5E 2E 10 
     267   00:7E50                          db 0F8h,004h,0AAh,055h,0A9h,053h,0A5h,04Dh
     267   00:7E50  F8 04 AA 55 A9 53 A5 4D 
     268   00:7E58                          db 09Dh,03Dh,07Dh,07Dh,07Dh,07Ah,074h,008h
     268   00:7E58  9D 3D 7D 7D 7D 7A 74 08 
     269   00:7E60                          ; 51-
     270   00:7E60                          db 03Fh,040h,0BFh,0DFh,06Fh,037h,038h,01Fh
     270   00:7E60  3F 40 BF DF 6F 37 38 1F 
     271   00:7E68                          db 01Fh,011h,011h,011h,019h,00Dh,007h,003h
     271   00:7E68  1F 11 11 11 19 0D 07 03 
     272   00:7E70                          db 0FCh,002h,0FDh,0FBh,0F6h,0ECh,01Ch,0F8h
     272   00:7E70  FC 02 FD FB F6 EC 1C F8 
     273   00:7E78                          db 0F8h,0A8h,078h,0D8h,0B8h,070h,0E0h,0C0h
     273   00:7E78  F8 A8 78 D8 B8 70 E0 C0 
     274   00:7E80                          ; 52-
     275   00:7E80                          db 007h,00Fh,03Fh,00Fh,009h,009h,01Fh,01Fh
     275   00:7E80  07 0F 3F 0F 09 09 1F 1F 
     276   00:7E88                          db 01Fh,00Ch,00Fh,003h,001h,001h,00Fh,013h
     276   00:7E88  1F 0C 0F 03 01 01 0F 13 
     277   00:7E90                          db 0E0h,0F0h,0FCh,0F0h,090h,090h,0F8h,0F8h
     277   00:7E90  E0 F0 FC F0 90 90 F8 F8 
     278   00:7E98                          db 0F8h,030h,0F0h,0C0h,080h,080h,0F0h,0C8h
     278   00:7E98  F8 30 F0 C0 80 80 F0 C8 
     279   00:7EA0                          ; 53-
     280   00:7EA0                          db 007h,00Fh,03Fh,00Fh,00Fh,009h,01Fh,01Fh
     280   00:7EA0  07 0F 3F 0F 0F 09 1F 1F 
     281   00:7EA8                          db 01Eh,00Dh,00Fh,003h,001h,001h,00Fh,013h
     281   00:7EA8  1E 0D 0F 03 01 01 0F 13 
     282   00:7EB0                          db 0E0h,0F0h,0FCh,0F0h,0F0h,090h,0F8h,0F8h
     282   00:7EB0  E0 F0 FC F0 F0 90 F8 F8 
     283   00:7EB8                          db 078h,0B0h,0F0h,0C0h,080h,080h,0F0h,0C8h
     283   00:7EB8  78 B0 F0 C0 80 80 F0 C8 
     284   00:7EC0                          ; 54-
     285   00:7EC0                          db 040h,060h,020h,030h,010h,018h,008h,00Ch
     285   00:7EC0  40 60 20 30 10 18 08 0C 
     286   00:7EC8                          db 004h,00Eh,07Bh,050h,050h,050h,050h,070h
     286   00:7EC8  04 0E 7B 50 50 50 50 70 
     287   00:7ED0                          db 001h,001h,003h,002h,002h,004h,00Ch,008h
     287   00:7ED0  01 01 03 02 02 04 0C 08 
     288   00:7ED8                          db 008h,00Ch,0FFh,001h,001h,001h,001h,00Fh
     288   00:7ED8  08 0C FF 01 01 01 01 0F 
     289   00:7EE0                          ; 55-
     290   00:7EE0                          db 040h,060h,020h,030h,010h,018h,008h,00Ch
     290   00:7EE0  40 60 20 30 10 18 08 0C 
     291   00:7EE8                          db 004h,00Eh,07Bh,050h,050h,050h,050h,070h
     291   00:7EE8  04 0E 7B 50 50 50 50 70 
     292   00:7EF0                          db 001h,001h,003h,002h,002h,004h,00Ch,008h
     292   00:7EF0  01 01 03 02 02 04 0C 08 
     293   00:7EF8                          db 008h,00Ch,0FFh,001h,001h,001h,001h,00Fh
     293   00:7EF8  08 0C FF 01 01 01 01 0F 
     294   00:7F00                          ; 56-
     295   00:7F00                          db 060h,063h,067h,067h,03Dh,01Dh,00Fh,00Fh
     295   00:7F00  60 63 67 67 3D 1D 0F 0F 
     296   00:7F08                          db 00Ch,00Ch,007h,003h,001h,001h,001h,001h
     296   00:7F08  0C 0C 07 03 01 01 01 01 
     297   00:7F10                          db 00Ch,08Ch,0CCh,0CCh,078h,070h,0E0h,0E0h
     297   00:7F10  0C 8C CC CC 78 70 E0 E0 
     298   00:7F18                          db 060h,060h,0C0h,080h,000h,000h,000h,000h
     298   00:7F18  60 60 C0 80 00 00 00 00 
     299   00:7F20                          ; 57-
     300   00:7F20                          db 000h,003h,007h,007h,03Fh,0DFh,0C9h,0CFh
     300   00:7F20  00 03 07 07 3F DF C9 CF 
     301   00:7F28                          db 0CEh,00Dh,007h,003h,001h,001h,001h,001h
     301   00:7F28  CE 0D 07 03 01 01 01 01 
     302   00:7F30                          db 000h,080h,0C0h,0C0h,0F8h,0F6h,026h,0E6h
     302   00:7F30  00 80 C0 C0 F8 F6 26 E6 
     303   00:7F38                          db 0E6h,060h,0C0h,080h,000h,000h,000h,000h
     303   00:7F38  E6 60 C0 80 00 00 00 00 
     304   00:7F40                          ; 58-
     305   00:7F40                          db 001h,001h,001h,001h,001h,001h,01Fh,02Fh
     305   00:7F40  01 01 01 01 01 01 1F 2F 
     306   00:7F48                          db 037h,03Bh,03Dh,026h,027h,021h,021h,021h
     306   00:7F48  37 3B 3D 26 27 21 21 21 
     307   00:7F50                          db 080h,080h,080h,080h,080h,080h,0FCh,0FAh
     307   00:7F50  80 80 80 80 80 80 FC FA 
     308   00:7F58                          db 0F6h,0EEh,0DEh,032h,0F2h,0C2h,042h,042h
     308   00:7F58  F6 EE DE 32 F2 C2 42 42 
     309   00:7F60                          ; 59-
     310   00:7F60                          db 001h,001h,001h,001h,001h,001h,01Fh,02Fh
     310   00:7F60  01 01 01 01 01 01 1F 2F 
     311   00:7F68                          db 037h,03Bh,03Dh,026h,027h,021h,021h,021h
     311   00:7F68  37 3B 3D 26 27 21 21 21 
     312   00:7F70                          db 080h,080h,080h,080h,080h,080h,0FCh,0FAh
     312   00:7F70  80 80 80 80 80 80 FC FA 
     313   00:7F78                          db 0F6h,0EEh,0DEh,032h,0F2h,0C2h,042h,042h
     313   00:7F78  F6 EE DE 32 F2 C2 42 42 
     314   00:7F80                          ; 60-
     315   00:7F80                          db 00Fh,01Fh,031h,071h,0FFh,0FDh,0FFh,06Fh
     315   00:7F80  0F 1F 31 71 FF FD FF 6F 
     316   00:7F88                          db 037h,018h,00Fh,001h,001h,01Fh,02Fh,047h
     316   00:7F88  37 18 0F 01 01 1F 2F 47 
     317   00:7F90                          db 0F0h,0F8h,08Ch,08Eh,0FFh,0BFh,0FFh,0F6h
     317   00:7F90  F0 F8 8C 8E FF BF FF F6 
     318   00:7F98                          db 0ECh,018h,0F0h,080h,080h,0F8h,0F4h,0E2h
     318   00:7F98  EC 18 F0 80 80 F8 F4 E2 
     319   00:7FA0                          ; 61-
     320   00:7FA0                          db 00Fh,01Fh,03Fh,071h,0FFh,0FDh,0FFh,07Fh
     320   00:7FA0  0F 1F 3F 71 FF FD FF 7F 
     321   00:7FA8                          db 038h,01Bh,00Fh,001h,001h,01Fh,02Fh,047h
     321   00:7FA8  38 1B 0F 01 01 1F 2F 47 
     322   00:7FB0                          db 0F0h,0F8h,0FCh,08Eh,0FFh,0BFh,0FFh,0FEh
     322   00:7FB0  F0 F8 FC 8E FF BF FF FE 
     323   00:7FB8                          db 01Ch,0D8h,0F0h,080h,080h,0F8h,0F4h,0E2h
     323   00:7FB8  1C D8 F0 80 80 F8 F4 E2 
     324   00:7FC0                          ; 62-
     325   00:7FC0                          db 0CFh,0CFh,0CFh,0CFh,0CFh,0CFh,0CFh,0F1h
     325   00:7FC0  CF CF CF CF CF CF CF F1 
     326   00:7FC8                          db 0E1h,07Fh,03Fh,01Fh,00Fh,00Ch,01Ch,01Ch
     326   00:7FC8  E1 7F 3F 1F 0F 0C 1C 1C 
     327   00:7FD0                          db 0F3h,0F3h,0F3h,0F3h,0F3h,0F3h,0F3h,08Fh
     327   00:7FD0  F3 F3 F3 F3 F3 F3 F3 8F 
     328   00:7FD8                          db 087h,0FEh,0FCh,0F8h,0F0h,030h,038h,038h
     328   00:7FD8  87 FE FC F8 F0 30 38 38 
     329   00:7FE0                          ; 63-
     330   00:7FE0                          db 003h,003h,00Fh,019h,037h,06Fh,0DFh,0DFh
     330   00:7FE0  03 03 0F 19 37 6F DF DF 
     331   00:7FE8                          db 0DFh,06Fh,037h,019h,00Fh,007h,003h,003h
     331   00:7FE8  DF 6F 37 19 0F 07 03 03 
     332   00:7FF0                          db 0C0h,0C0h,0F0h,098h,0ECh,0F6h,0FBh,0FBh
     332   00:7FF0  C0 C0 F0 98 EC F6 FB FB 
     333   00:7FF8                          db 0FBh,0F6h,0ECh,098h,0F0h,0E0h,0C0h,0C0h
     333   00:7FF8  FB F6 EC 98 F0 E0 C0 C0 
     334   00:8000                      
     335   00:8000                      
     336   00:8000                      
     337   00:8000                      
     338   00:8000                      FINAL:

    LABELS
-------------------------------------------------
00:000077FF   INICIO
00:00007800 X SPRITE_DATA
00:00008000   FINAL


 Output: asm\sprites.out
-------------------------------------------------

 Page: 00
  Org: 000077FF  Size: *  Used: 00000000

    No output

 Output: sprites.bin
-------------------------------------------------

 Page: 00
  Org: 000077FF  Size: *  Used: 00000808

   Address   Length Align   Label
   000077FF    2056         INICIO
